Line 12: 2025-11-14 10:11:00 INFO Health check passed
Line 25: 2025-11-14 10:22:00 INFO Account No: 123456789012
Line 26: 2025-11-14 10:23:00 INFO Credit Card No: 4111111111111111
Line 28: 2025-11-14 10:25:00 INFO Password: mySecretPassword123
Line 35: 2025-11-14 10:31:00 INFO password: myRealPassword
Line 36: 2025-11-14 10:32:00 INFO changePassword requested
Line 37: 2025-11-14 10:33:00 INFO one time Password sent
Line 39: 2025-11-14 10:34:00 INFO User data: {"email": "jsonuser2@mail.com", "password": "jsonSecret123", "pan": "ABCDE1234F"}
Line 43: 2025-11-14 10:36:00 INFO User data: {"userID": "user123", "passwrd": "badSpellingPass1"}
Line 44: 2025-11-14 10:37:00 INFO User data: {"userID": "user456", "pswrd": "badSpellingPass2"}
Line 45: 2025-11-14 10:38:00 INFO User data: {"userID": "user789", "pswd": "badSpellingPass3"}
Line 46: 2025-11-14 10:39:00 INFO User data: {"userID": "user321", "pwd": "badSpellingPass4"}
Line 47: 2025-11-14 10:40:00 INFO User data: {"userID": "user654", "password": "goodSpellingPass5"}
Line 48: 2025-11-14 10:41:00 INFO User data: {"userID": "user987", "passwrd": "badSpellingPass6", "pswrd": "badSpellingPass7", "pswd": "badSpellingPass8", "pwd": "badSpellingPass9"}
Line 50: 2025-11-14 10:42:00 INFO User data: {"userID": "garbage1", "decodeCred": "credValue1", "OTP": "123456"}
Line 51: 2025-11-14 10:43:00 INFO User data: {"userID": "garbage2", "decodePasswrd": "decodePass1", "otp": "654321"}
Line 52: 2025-11-14 10:44:00 INFO User data: {"userID": "garbage3", "decodeOldPasswrd": "oldPass1", "Otp": "789012"}
Line 53: 2025-11-14 10:45:00 INFO User data: {"userID": "garbage4", "decodeConfPasswrd": "confPass1", "pass": "simplePass"}
Line 54: 2025-11-14 10:46:00 INFO User data: {"userID": "garbage5", "decodeNewPasswrd": "newPass1", "OTP": "000999"}
Line 55: 2025-11-14 10:47:00 INFO User data: {"userID": "garbage6", "pass": "anotherPass", "otp": "111222"}
