Line 5: 2025-11-17 07:58:17,537 [BR-9912] WARN decodePasswrd=*4bexnHEQwCv garbage=N39K4XywrQ7fJd
Line 14: 2025-11-17 07:58:17,537 [CORE-2281] DEBUG Acc No=xUfb4RmW8 garbage=QHPHq4m2
Line 15: 2025-11-17 07:58:17,537 [BR-9912] INFO decodeConfPasswrd=zjgNVYT^h0upv7e garbage=mR2ttTNQqzjApa
Line 18: 2025-11-17 07:58:17,537 [CORE-2281] DEBUG credential=F4Jj9lgmWG garbage=w0yQo
Line 22: 2025-11-17 07:58:17,537 [ATM-M93-118] WARN decodePassword=Xi8UnbbW!PiaX garbage=VxZIUuLGjDZ
Line 23: 2025-11-17 07:58:17,537 [ATM-M93-118] TRACE pswd=qTCcQIPV7&Fhu garbage=Lf4Ha
Line 24: 2025-11-17 07:58:17,537 [MACH-3341] INFO decodePasswrd=FhB9!HlxekIQ8 garbage=bzQJgr5K04
Line 26: 2025-11-17 07:58:17,537 [CORE-2281] WARN paswrd=cLzARJbLGy garbage=yyHNnkg56CC4
Line 27: 2025-11-17 07:58:17,537 [ATM-M93-118] WARN passwrd=nJ!hRmInLhlJ0 garbage=8w6xFvMBdBCtAF
Line 34: 2025-11-17 07:58:17,537 [MACH-3341] ERROR pswd=26sVnC6Njy1 garbage=ueU5M7F
Line 42: 2025-11-17 07:58:17,537 [CORE-2281] ERROR account no=713q8kSD0DK0R6O garbage=1beAbQfT8enz
Line 44: 2025-11-17 07:58:17,537 [BR-9912] TRACE acc no=m@^yfqnKwLfl garbage=gJQY3q
Line 52: 2025-11-17 07:58:17,537 [SRV-MACH-9921] DEBUG acc no=Ex1pysAETnwjS garbage=QHwWDUEqAi
Line 56: 2025-11-17 07:58:17,538 [SRV-MACH-9921] WARN decodePasswrd=g0A74^%B@RiHk garbage=BM5EH7MC2k
Line 57: 2025-11-17 07:58:17,538 [ATM-M93-118] WARN decodeOldPasswrd=uxl7axhEW garbage=rJbL1l3oxPF
Line 61: 2025-11-17 07:58:17,538 [MACH-3341] ERROR decodeConfPasswrd=$*%8vr4dj93GbU7 garbage=iHKjTzgJhLGkAqM
Line 67: 2025-11-17 07:58:17,538 [SRV-MACH-9921] DEBUG acc no=EZ9v6FB^ garbage=h2PHX9gi
Line 68: 2025-11-17 07:58:17,538 [CORE-2281] WARN passwrd=9XmXxEVKO6wpTUy garbage=P2SBspbN3AG
Line 72: 2025-11-17 07:58:17,538 [MACH-3341] DEBUG Cred=NB1w1c@#0U9LV8Y garbage=5dsSB6kyUY
Line 73: 2025-11-17 07:58:17,538 [BR-9912] WARN decodePassword=i4okh%W*FlPv garbage=sKGyl8KNG
Line 76: 2025-11-17 07:58:17,538 [SRV-MACH-9921] DEBUG credential=gLL*G4wDMoQ garbage=14u0dx4r5jFnTt
Line 79: 2025-11-17 07:58:17,538 [SRV-MACH-9921] TRACE decodeOldPasswrd=b*IDuYppWz#!dUT garbage=ZshIug
Line 80: 2025-11-17 07:58:17,538 [CORE-2281] ERROR paswrd=#4x#JGrLsucXV7i garbage=dg9PmVa
Line 81: 2025-11-17 07:58:17,538 [SRV-MACH-9921] INFO decodeOldPasswrd=FU5*AjRWao garbage=f5pO0U
Line 91: 2025-11-17 07:58:17,538 [ATM-M93-118] ERROR Acc No=E5#*VxlH garbage=81eHCy95VoR1
Line 95: 2025-11-17 07:58:17,538 [SRV-MACH-9921] DEBUG credential=PwZszKFh&mQHm garbage=M4WWQQsS7bAOXJC
Line 97: 2025-11-17 07:58:17,538 [ATM-M93-118] TRACE account number=sOovwnlAXtKo68B garbage=jEYS0F
Line 105: 2025-11-17 07:58:17,538 [BR-9912] DEBUG Credentials=5dFgXlhl& garbage=szt0hKU
Line 107: 2025-11-17 07:58:17,538 [SRV-MACH-9921] DEBUG pswd=bcCXrIRkxWaqy9 garbage=s1cSUvkd9ARlX0l
Line 108: 2025-11-17 07:58:17,538 [BR-9912] DEBUG credential=iShthH*4ML!lj&T garbage=0dxEKV5sTJNrWA
Line 114: 2025-11-17 07:58:17,538 [ATM-M93-118] ERROR cred=N@mkfo4!% garbage=iUQ1FgKvT
Line 116: 2025-11-17 07:58:17,538 [SRV-MACH-9921] INFO decodePassword=ljelwxinscV$gK garbage=2tSRWr40
Line 125: 2025-11-17 07:58:17,539 [SRV-MACH-9921] WARN paswrd=YlzAM^utGe garbage=RSS0I76QF
Line 128: 2025-11-17 07:58:17,539 [CORE-2281] INFO decodeOldPasswrd=OdXPI4H8v$K garbage=JTl4nutjLtgT
Line 130: 2025-11-17 07:58:17,539 [BR-9912] WARN decodePassword=SHhRQaDl2r garbage=mLcZTVnko
Line 134: 2025-11-17 07:58:17,539 [SRV-MACH-9921] INFO decodeNewPasswrd=Ly9uvbxTDY garbage=eYuwnh8e
Line 136: 2025-11-17 07:58:17,539 [ATM-M93-118] DEBUG decodePassword=@RmerN7CU7BC6mm garbage=wI2XZUriYJ5S99C
Line 137: 2025-11-17 07:58:17,539 [SRV-MACH-9921] INFO decodeOldPasswrd=E^9Rtbpx4xwpLMq garbage=DBItbB6
Line 144: 2025-11-17 07:58:17,539 [MACH-3341] TRACE Acc No=vXDSrr%HI4 garbage=zNgZS7
Line 145: 2025-11-17 07:58:17,539 [MACH-3341] WARN account number=1co!VzbGr garbage=UlyXj
Line 146: 2025-11-17 07:58:17,539 [ATM-M93-118] ERROR Credential=MUcbCtzR@e garbage=oePwRqBD2tcOxaQ
Line 150: 2025-11-17 07:58:17,539 [BR-9912] ERROR pass=#PuxpMEF2154##V garbage=ftWZFaKQy4oSyq
Line 154: 2025-11-17 07:58:17,539 [MACH-3341] INFO acc no=zkvNwdFt garbage=pH1zGx2
Line 155: 2025-11-17 07:58:17,539 [CORE-2281] DEBUG acc no=Q41L#mXHSc@$ garbage=2UDP3Yq3Eo1EggA
Line 156: 2025-11-17 07:58:17,539 [MACH-3341] TRACE credential=ZMw^uTg9M garbage=0zXt5hb
Line 157: 2025-11-17 07:58:17,539 [ATM-M93-118] INFO acc no=LTKrUZfvkS garbage=ftkHKFrN59eV1v
Line 159: 2025-11-17 07:58:17,539 [MACH-3341] TRACE decodePasswrd=6inijFPz4 garbage=LP8PdnvyBkV7
Line 161: 2025-11-17 07:58:17,539 [ATM-M93-118] DEBUG account number=1NXfx&^7 garbage=7uRZx32DvDwU
Line 162: 2025-11-17 07:58:17,539 [SRV-MACH-9921] WARN pwd=iiYGPGiua garbage=P5LTZFWpP
Line 164: 2025-11-17 07:58:17,539 [BR-9912] TRACE account number=b*^DRHGs*INs4z garbage=La2yjyJ
Line 167: 2025-11-17 07:58:17,539 [SRV-MACH-9921] INFO Cred=&9Ezv8J^pB17Q garbage=18YjNpm
Line 169: 2025-11-17 07:58:17,539 [ATM-M93-118] ERROR Cred=ubwn2O$dKQs garbage=XgybNf
Line 174: 2025-11-17 07:58:17,539 [SRV-MACH-9921] TRACE account number=bKgAyN$SK&8nFU garbage=YshsaYxFEMsW2K
Line 183: 2025-11-17 07:58:17,539 [ATM-M93-118] INFO decodeOldPasswrd=r9ZhDUJDbn^Z garbage=FThixYg
Line 188: 2025-11-17 07:58:17,539 [BR-9912] TRACE account number=9h#G3DtY garbage=39BRKVOYFBezhD
Line 192: 2025-11-17 07:58:17,539 [MACH-3341] INFO Acc No=d5ShR3uSH5eP9f garbage=GSkbHcXkhfMcB
Line 194: 2025-11-17 07:58:17,540 [ATM-M93-118] INFO account no=*l8dqob7AKC3 garbage=iGWnGX
Line 202: 2025-11-17 07:58:17,540 [CORE-2281] DEBUG Account No=5k#8I2$3%iI^AT garbage=WcZHcGohS0n
Line 209: 2025-11-17 07:58:17,540 [MACH-3341] TRACE decodeOldPasswrd=dj$DmB2I garbage=xuCCu89yGvHSon4
Line 213: 2025-11-17 07:58:17,540 [CORE-2281] INFO paswrd=kW9bF!4wd1$pP3 garbage=GdVIFGiaovq
Line 216: 2025-11-17 07:58:17,540 [ATM-M93-118] TRACE decodeNewPasswrd=KvTKN4JoYjLA4f garbage=BkAjt6B1
Line 223: 2025-11-17 07:58:17,540 [MACH-3341] INFO decodeNewPasswrd=V6Y2uzuMdb garbage=u71TM
Line 224: 2025-11-17 07:58:17,540 [SRV-MACH-9921] WARN decodeNewPasswrd=SW2zNbfjUUl6S* garbage=vmpSzE
Line 226: 2025-11-17 07:58:17,540 [ATM-M93-118] WARN pwd=x*oUjWPO!egH garbage=nm8fNrab
Line 232: 2025-11-17 07:58:17,540 [BR-9912] WARN paswrd=KVb4qJH#8td garbage=xtf33
Line 233: 2025-11-17 07:58:17,540 [ATM-M93-118] DEBUG cred=ugEopetCmBW garbage=woFQfUBENH
Line 234: 2025-11-17 07:58:17,540 [CORE-2281] TRACE cred=YsvN7JRCb garbage=RPXv9h87Fa
Line 239: 2025-11-17 07:58:17,540 [ATM-M93-118] DEBUG account no=*&$Fe@kBJp3* garbage=hTJNgVGvxJChKpj
Line 252: 2025-11-17 07:58:17,540 [BR-9912] TRACE Cred=*GRsV%zqZO7&l2J garbage=xPeyTz06jMszby
Line 255: 2025-11-17 07:58:17,541 [MACH-3341] INFO pwd=0OaQt^FhDhH garbage=A85386Ov
Line 259: 2025-11-17 07:58:17,541 [ATM-M93-118] INFO Cred=4#uQMyi2 garbage=0N0nk62pdt
Line 262: 2025-11-17 07:58:17,541 [BR-9912] INFO decodePasswrd=5^GE*geIL400 garbage=CfP6JJ
Line 263: 2025-11-17 07:58:17,541 [ATM-M93-118] WARN cred=zgC^OFc#yq garbage=kUciniv4KJc
Line 265: 2025-11-17 07:58:17,541 [MACH-3341] ERROR decodeConfPasswrd=6Ny^MmVpiwGlE garbage=KwLD6O08
Line 267: 2025-11-17 07:58:17,541 [MACH-3341] DEBUG account number=EJHJ2s!zaF^KB5 garbage=2pSSLL
Line 270: 2025-11-17 07:58:17,541 [ATM-M93-118] ERROR Credential=$x6UsPQwNfZpR^a garbage=T3OYc
Line 274: 2025-11-17 07:58:17,541 [CORE-2281] TRACE pass=QP4!gxvW@7j4L garbage=woy4OMCMrDDE
Line 277: 2025-11-17 07:58:17,541 [SRV-MACH-9921] DEBUG decodePasswrd=fu5q0nqx garbage=B8bWcqR3
Line 278: 2025-11-17 07:58:17,541 [CORE-2281] INFO account number=E*3jzzuJd garbage=20H1VZTDm5uTx
Line 280: 2025-11-17 07:58:17,541 [BR-9912] ERROR Cred=LQgHLopBilBQ garbage=bpY2XRuyVgTka
Line 288: 2025-11-17 07:58:17,541 [MACH-3341] DEBUG passwrd=BOPP*bdFlohj@o garbage=efTijgxJToS
Line 290: 2025-11-17 07:58:17,541 [CORE-2281] TRACE passwrd=jCgfZ4^L! garbage=O8Dpy
Line 292: 2025-11-17 07:58:17,541 [BR-9912] WARN Cred=SI1j^3CJ garbage=fdikGUN5yy
Line 294: 2025-11-17 07:58:17,541 [CORE-2281] TRACE Account No=LWL@hNqJmK garbage=5UFDcZ1l0cLr
Line 295: 2025-11-17 07:58:17,541 [MACH-3341] DEBUG Credentials=VwA7vxHCc garbage=EYGkQuhcijO
Line 297: 2025-11-17 07:58:17,541 [MACH-3341] ERROR credential=&wJ^mnqc^bxw garbage=1OBl730C
Line 302: 2025-11-17 07:58:17,541 [CORE-2281] ERROR Credentials=0CkxswW6E*7A garbage=wADuWs9JX9
Line 308: 2025-11-17 07:58:17,541 [MACH-3341] DEBUG decodeOldPasswrd=Kp$qTzf&ZG3JjVg garbage=lVHLPGI4Z5sqFf
Line 309: 2025-11-17 07:58:17,541 [BR-9912] ERROR credential=AHiA2Vcu garbage=GhuGsZ0UYb5
Line 314: 2025-11-17 07:58:17,541 [BR-9912] TRACE cred=EQblz3Uo garbage=8MR3zw44lcYMs
Line 323: 2025-11-17 07:58:17,542 [BR-9912] WARN passwrd=pOikQL^GDMTesY garbage=fpsPRg697FB
Line 326: 2025-11-17 07:58:17,542 [BR-9912] WARN pwd=3g&Kk5Vg7*O garbage=xYwl3m6ZpEfR
Line 330: 2025-11-17 07:58:17,542 [MACH-3341] DEBUG pswd=lSAz@fofo8X garbage=TSr3UIvM6I7Rn
Line 335: 2025-11-17 07:58:17,542 [CORE-2281] DEBUG Credentials=nWRlwx*p!^n garbage=YwKOCD
Line 342: 2025-11-17 07:58:17,542 [BR-9912] WARN passwrd=m8@9J1jzz*tXyO5 garbage=bytPO
Line 343: 2025-11-17 07:58:17,542 [CORE-2281] TRACE decodeNewPasswrd=z9^QtVaxwtW garbage=zC6HMoZzZsUJMh
Line 346: 2025-11-17 07:58:17,542 [MACH-3341] WARN Account No=CJ#ITLF$M garbage=bqoUbIV
Line 352: 2025-11-17 07:58:17,542 [ATM-M93-118] ERROR passwrd=kPlXrElwfZ* garbage=lA9kO
Line 354: 2025-11-17 07:58:17,542 [SRV-MACH-9921] TRACE credential=mIbB9Qqb0*mI garbage=DNsTLvvJ
Line 358: 2025-11-17 07:58:17,542 [SRV-MACH-9921] DEBUG pass=&*p9wYfg garbage=X8baTaB
Line 364: 2025-11-17 07:58:17,542 [MACH-3341] DEBUG credential=#PK1A5uq*A garbage=yrSpx2gYtNPC
Line 371: 2025-11-17 07:58:17,542 [ATM-M93-118] TRACE decodeNewPasswrd=rh&kQYtTjrj garbage=r4PImTAvrVt
Line 377: 2025-11-17 07:58:17,542 [SRV-MACH-9921] TRACE acc no=6@U@SpkM5GczJM9 garbage=twbKC9BGFK8Mgv
Line 381: 2025-11-17 07:58:17,542 [BR-9912] INFO account number=v!kTyWL@ garbage=ytIAVe5Ld0VbXk
Line 382: 2025-11-17 07:58:17,542 [ATM-M93-118] INFO Cred=*b3l6&QMoS^5Pt garbage=9OlNlPo
Line 386: 2025-11-17 07:58:17,542 [ATM-M93-118] TRACE acc no=gRIVvcf4 garbage=Duae1q46qbl
Line 389: 2025-11-17 07:58:17,542 [CORE-2281] ERROR cred=UHpW#!qQoPD garbage=DeFVm
Line 390: 2025-11-17 07:58:17,543 [ATM-M93-118] WARN decodeOldPasswrd=K*6GFRGl garbage=NRizsBV4hEmpSb
Line 391: 2025-11-17 07:58:17,543 [SRV-MACH-9921] ERROR decodeConfPasswrd=&ECGGZFlp garbage=lMldd
Line 392: 2025-11-17 07:58:17,543 [CORE-2281] TRACE acc no=rg7gLaioBg13V garbage=aZveVAgOc
Line 393: 2025-11-17 07:58:17,543 [MACH-3341] DEBUG decodeOldPasswrd=pEXvJ9sF3jfK% garbage=gF1301Q
Line 399: 2025-11-17 07:58:17,543 [SRV-MACH-9921] DEBUG pass=ix!PbDDatmE garbage=aQVpA
Line 402: 2025-11-17 07:58:17,543 [BR-9912] TRACE cred=IuU*2i@*6 garbage=YyZwmGHgr
Line 405: 2025-11-17 07:58:17,543 [SRV-MACH-9921] WARN Account No=RXT%M5Hjbpj1%67 garbage=hmn6f
Line 407: 2025-11-17 07:58:17,543 [MACH-3341] WARN Cred=09QF9f%O6y garbage=6Q7SmSvN9zdz
Line 410: 2025-11-17 07:58:17,543 [MACH-3341] TRACE decodeOldPasswrd=6vXhopwnbU@ garbage=a9tRljnryzI
Line 412: 2025-11-17 07:58:17,543 [SRV-MACH-9921] DEBUG Cred=8e@8M#3qA0 garbage=jQgYB
Line 416: 2025-11-17 07:58:17,543 [MACH-3341] INFO paswrd=WXyRGk#!ox@ garbage=3RChTvgw4cXmjI
Line 417: 2025-11-17 07:58:17,543 [CORE-2281] ERROR credential=cioHtU#FGlVM garbage=dx2x7VONu
Line 418: 2025-11-17 07:58:17,543 [BR-9912] ERROR pwd=VOV*3!434nod1 garbage=dOar1
Line 421: 2025-11-17 07:58:17,543 [BR-9912] INFO Credential=UbRMeTGF4hsF garbage=ajK9do
Line 422: 2025-11-17 07:58:17,543 [BR-9912] INFO pass=U$7sAXmwUV garbage=hh9P8IH
Line 428: 2025-11-17 07:58:17,543 [CORE-2281] ERROR Credential=FEisKHXAeU8 garbage=lHqxbRSY
Line 430: 2025-11-17 07:58:17,543 [SRV-MACH-9921] WARN Cred=eeO5%k4Bfe0M garbage=99dU1ad7YTHR
Line 432: 2025-11-17 07:58:17,543 [CORE-2281] DEBUG acc no=$x06R#MI*2^&QS garbage=vcepr
Line 438: 2025-11-17 07:58:17,543 [SRV-MACH-9921] DEBUG decodePasswrd=suwXZx!2@ garbage=oITvXqtkP
Line 440: 2025-11-17 07:58:17,543 [BR-9912] TRACE passwrd=LMnZILMZn garbage=xAXcqEVI9KFz
Line 446: 2025-11-17 07:58:17,543 [SRV-MACH-9921] DEBUG pass=zogaeK8Ta garbage=9dWi66l
Line 447: 2025-11-17 07:58:17,543 [SRV-MACH-9921] ERROR cred=KmHm9C#N*Y garbage=LHgWXZCWEqU0t
Line 449: 2025-11-17 07:58:17,544 [MACH-3341] DEBUG paswrd=eck!sdULTDQ8We0 garbage=GpXry
Line 451: 2025-11-17 07:58:17,544 [MACH-3341] INFO acc no=5nlk^1QOah garbage=tMoFGvNi
Line 452: 2025-11-17 07:58:17,544 [ATM-M93-118] DEBUG paswrd=G$N2TnDX garbage=TdLtglF
Line 457: 2025-11-17 07:58:17,544 [SRV-MACH-9921] INFO Credentials=!iquUb^nqzznSu garbage=TIpAs2yLAvIq
Line 463: 2025-11-17 07:58:17,544 [SRV-MACH-9921] DEBUG decodeConfPasswrd=JJxDpAQNca garbage=XJtLNNUvux2e
Line 470: 2025-11-17 07:58:17,544 [ATM-M93-118] INFO pwd=0HCtgS0MbEagr6O garbage=6xMYkUHJz
Line 472: 2025-11-17 07:58:17,544 [ATM-M93-118] TRACE Credentials=#*fE9#d#iWj0ABq garbage=mKjKLMrLmC6qBI
Line 476: 2025-11-17 07:58:17,544 [MACH-3341] TRACE passwrd=E0dR!kJ3izNjH garbage=uF76Bt
Line 478: 2025-11-17 07:58:17,544 [CORE-2281] ERROR decodeNewPasswrd=Hi!B9ZS1VfGgx garbage=dVrcNKHI2NFC
Line 479: 2025-11-17 07:58:17,544 [MACH-3341] TRACE decodeNewPasswrd=urdW^5oX garbage=2KDkvzUJKyOrwm
Line 483: 2025-11-17 07:58:17,544 [ATM-M93-118] DEBUG decodePassword=ffgXLCPc$9P garbage=h4bTZdI71W
Line 485: 2025-11-17 07:58:17,544 [SRV-MACH-9921] ERROR decodePassword=nqORVKPZCcMq9 garbage=PRlFP
Line 487: 2025-11-17 07:58:17,544 [SRV-MACH-9921] ERROR pass=4ke7ECBW7TG3k garbage=IVT1Q8SeKTnVHZ
Line 488: 2025-11-17 07:58:17,544 [MACH-3341] INFO cred=jTNwXO4iX0&9S!* garbage=uS2V6YNqfY9x
Line 490: 2025-11-17 07:58:17,544 [CORE-2281] DEBUG Cred=73KY%x8QJ8vV0O9 garbage=4guqZAcnvvQ
Line 491: 2025-11-17 07:58:17,544 [ATM-M93-118] DEBUG decodePassword=snLF#J5C6m garbage=KlimDc
Line 492: 2025-11-17 07:58:17,544 [MACH-3341] DEBUG decodeOldPasswrd=1YqoMnjOwfY5th garbage=GwvtJ
Line 494: 2025-11-17 07:58:17,544 [ATM-M93-118] DEBUG pwd=ug#GOrZShTaW8 garbage=vhZmv5IOn5uDx6x
Line 496: 2025-11-17 07:58:17,545 [MACH-3341] DEBUG acc no=pti8xi4ag6jT garbage=KJtKPazGMfU9RO
Line 497: 2025-11-17 07:58:17,545 [CORE-2281] INFO decodeNewPasswrd=cyYi#!4ww7o garbage=UQowkAI8K0ADG
Line 503: 2025-11-17 07:58:17,545 [ATM-M93-118] WARN decodeNewPasswrd=hTpOfke92ZsL&c8 garbage=MbmXob4YZSL
Line 504: 2025-11-17 07:58:17,545 [ATM-M93-118] WARN decodeOldPasswrd=AlP7fP5l!SRa5Y garbage=aumQlU8l4zsYEEV
Line 505: 2025-11-17 07:58:17,545 [SRV-MACH-9921] DEBUG decodeOldPasswrd=3P8*0ya7P*gjG2 garbage=5GDxraXFdsKGx
Line 510: 2025-11-17 07:58:17,545 [ATM-M93-118] ERROR pswd=!6P*l49i46! garbage=E37Eu
Line 512: 2025-11-17 07:58:17,545 [MACH-3341] ERROR pass=cABEho8#yb7PIk garbage=ixNOL0c0oG
Line 518: 2025-11-17 07:58:17,545 [CORE-2281] WARN Credential=mRCW@uTN2N garbage=I64yw4
Line 525: 2025-11-17 07:58:17,545 [BR-9912] ERROR decodeOldPasswrd=!q@nQAg% garbage=ZxAXceLQSm
Line 526: 2025-11-17 07:58:17,545 [MACH-3341] DEBUG decodePasswrd=cprw!C8f$2 garbage=PcJYhho9rQOPQ
Line 527: 2025-11-17 07:58:17,545 [MACH-3341] INFO credential=LPo98p@rNPJVez garbage=N7D0a3
Line 528: 2025-11-17 07:58:17,545 [SRV-MACH-9921] ERROR paswrd=48dE1FzSvp!O! garbage=nZLlplc5VVAnS
Line 531: 2025-11-17 07:58:17,545 [BR-9912] INFO Account No=&MSxecRc garbage=BMyv6amz
Line 532: 2025-11-17 07:58:17,545 [MACH-3341] WARN pswd=&V2lOh&@ garbage=GUXNq
Line 534: 2025-11-17 07:58:17,545 [BR-9912] WARN Acc No=Kd8SKRuE0&ljh0 garbage=LOHeN0V
Line 537: 2025-11-17 07:58:17,545 [BR-9912] DEBUG account number=fxKfQs&zGRRB garbage=CWQjEWhCRq1i
Line 538: 2025-11-17 07:58:17,545 [CORE-2281] ERROR pass=yxpzJs*R garbage=39dJs84mngygkv
Line 540: 2025-11-17 07:58:17,545 [BR-9912] INFO pswd=UpRl#8I@ garbage=EdIReVICHTta5tD
Line 549: 2025-11-17 07:58:17,545 [CORE-2281] TRACE decodeConfPasswrd=zBzm0ivmz6rae garbage=VXK2uUascJQwwq
Line 551: 2025-11-17 07:58:17,546 [SRV-MACH-9921] INFO pswd=ZR3#yPRUGS garbage=ozLH4sIg0B
Line 556: 2025-11-17 07:58:17,546 [SRV-MACH-9921] INFO Cred=JwT*3VPa garbage=fxAD4H9O4qIQd3
Line 559: 2025-11-17 07:58:17,546 [SRV-MACH-9921] WARN Acc No=WCx5U%kwhF garbage=zrHz9Tr
Line 560: 2025-11-17 07:58:17,546 [BR-9912] WARN Credential=WvPe7WMRLs^QP garbage=m8LPeZILUMJbJc
Line 565: 2025-11-17 07:58:17,546 [BR-9912] WARN pass=2i0NEoeKTOyi7 garbage=r2g0aW
Line 568: 2025-11-17 07:58:17,546 [BR-9912] ERROR credential=uW^GMQvh garbage=1CbXXBWawXFl
Line 569: 2025-11-17 07:58:17,546 [BR-9912] ERROR pass=4EvX1T%vh garbage=ekGkmd
Line 571: 2025-11-17 07:58:17,546 [CORE-2281] INFO decodePassword=mC7$RhUOh^cg^7q garbage=Fdxw9I7La
Line 572: 2025-11-17 07:58:17,546 [CORE-2281] INFO passwrd=fHmDJOaddO garbage=2L3iFSu7PS
Line 579: 2025-11-17 07:58:17,546 [BR-9912] DEBUG pwd=PF#O9ZoA garbage=5zg8Bg7Ccek
Line 582: 2025-11-17 07:58:17,546 [SRV-MACH-9921] INFO Account No=xwp*H#yaP$E4b garbage=qddqOdeYgV7GOtX
Line 583: 2025-11-17 07:58:17,546 [CORE-2281] INFO account no=5t!DiZ@GK garbage=dgFpaSXhlh7gJ
Line 587: 2025-11-17 07:58:17,546 [BR-9912] WARN Credentials=EkA0wTgL!KL garbage=amapL
Line 588: 2025-11-17 07:58:17,546 [BR-9912] ERROR cred=QIDYLK3X3#&XZ2k garbage=MRdz6FwsdW
Line 589: 2025-11-17 07:58:17,546 [BR-9912] TRACE pswd=cB32OmerP0RgJhR garbage=Jb4fv9KGErWJjg
Line 591: 2025-11-17 07:58:17,546 [MACH-3341] TRACE credential=XrniFZ!oz garbage=y9xIYDk
Line 593: 2025-11-17 07:58:17,546 [SRV-MACH-9921] WARN decodeConfPasswrd=XDcde26i8U garbage=5IENSBfi1
Line 596: 2025-11-17 07:58:17,546 [SRV-MACH-9921] ERROR decodeNewPasswrd=yUnHECjagp@Bp garbage=WLCCYpY9Pl
Line 598: 2025-11-17 07:58:17,546 [BR-9912] WARN account number=G8h1Ze2GiZR garbage=YJClrWn3Pc
Line 599: 2025-11-17 07:58:17,546 [SRV-MACH-9921] INFO Credential=ADSro@lF6$m1Jv garbage=2I5ju2I
Line 601: 2025-11-17 07:58:17,546 [ATM-M93-118] INFO decodePassword=3fbpu@P3H3EddiF garbage=V58C6kMif
Line 602: 2025-11-17 07:58:17,546 [SRV-MACH-9921] TRACE decodePassword=zrdAEgcwRG@gl garbage=I0bl5q2DXx
Line 604: 2025-11-17 07:58:17,546 [ATM-M93-118] INFO Cred=ire&BrKQ garbage=YUNcz2GKUQwbCg
Line 614: 2025-11-17 07:58:17,547 [ATM-M93-118] DEBUG credential=Y%9J92^ze garbage=aClyeu95o04
Line 619: 2025-11-17 07:58:17,547 [ATM-M93-118] WARN Credential=*@x098L0X1Prz garbage=L9ZS7s4CY7fc5
Line 628: 2025-11-17 07:58:17,547 [ATM-M93-118] ERROR decodeOldPasswrd=qty3Mztb*Zp!rT1 garbage=MvdXDqK
Line 630: 2025-11-17 07:58:17,547 [BR-9912] ERROR decodeConfPasswrd=Ms5ew#$f3Gu garbage=GlrZyERo
Line 631: 2025-11-17 07:58:17,547 [ATM-M93-118] INFO account no=Soo12UDl#gLLC5c garbage=iCtxjiH59
Line 637: 2025-11-17 07:58:17,547 [SRV-MACH-9921] ERROR Credential=x*q2WxGC4E#km garbage=ig1n2u
Line 647: 2025-11-17 07:58:17,547 [CORE-2281] TRACE acc no=UUl$BK$EDrV garbage=Lg1aW
Line 652: 2025-11-17 07:58:17,547 [MACH-3341] TRACE Account No=vvL$i!mm$E garbage=Hqnb2DDW
Line 653: 2025-11-17 07:58:17,547 [MACH-3341] TRACE decodePassword=aO3FvkvyWKyb3pB garbage=KU9WtMYNXZfB
Line 658: 2025-11-17 07:58:17,547 [SRV-MACH-9921] TRACE Credentials=6^tVgVXCv garbage=Awt4dJ8P4q
Line 662: 2025-11-17 07:58:17,547 [SRV-MACH-9921] TRACE passwrd=kflPg@8mJzemK garbage=KjRqJ
Line 663: 2025-11-17 07:58:17,547 [ATM-M93-118] TRACE pwd=963nAIcUZ*1 garbage=Os97RQcuw
Line 666: 2025-11-17 07:58:17,547 [MACH-3341] TRACE decodePasswrd=F2l*LkuZ garbage=nUEdlFPnZxk3PK
Line 668: 2025-11-17 07:58:17,547 [SRV-MACH-9921] DEBUG decodePasswrd=#J$Omss$Oe garbage=6GI6IB
Line 675: 2025-11-17 07:58:17,548 [BR-9912] INFO pass=wM2T0o8!hN2 garbage=WOtdLUcUr
Line 679: 2025-11-17 07:58:17,548 [ATM-M93-118] TRACE Account No=f7HboR@KN garbage=1LGFGQLtuA
Line 683: 2025-11-17 07:58:17,548 [MACH-3341] DEBUG decodePassword=&APZfkRID*P garbage=oapAaSedOTVF2b
Line 685: 2025-11-17 07:58:17,548 [BR-9912] INFO Cred=VfdF%uE&KC garbage=QGvmVHu
Line 688: 2025-11-17 07:58:17,548 [CORE-2281] ERROR Acc No=Atq1S5ggvQOjC% garbage=sQ1It1aWjBw
Line 691: 2025-11-17 07:58:17,548 [MACH-3341] DEBUG Cred=Um1*18$P0Xcg garbage=G17JBJ3
Line 692: 2025-11-17 07:58:17,548 [MACH-3341] DEBUG cred=^J4xvJ7iK2dec garbage=WP154qdDFR8NY6y
Line 693: 2025-11-17 07:58:17,548 [CORE-2281] WARN Account No=ZG8oFB@HD!*D garbage=aFFzgh45Df48pWd
Line 697: 2025-11-17 07:58:17,548 [SRV-MACH-9921] INFO credential=h0@hMZX36Z^q garbage=hPCAdc9Ew5
Line 698: 2025-11-17 07:58:17,548 [SRV-MACH-9921] DEBUG decodePasswrd=KhjhluzfWmY2uKz garbage=k7rqwRxMgH
Line 704: 2025-11-17 07:58:17,548 [ATM-M93-118] DEBUG pwd=vKLoark6d1e3 garbage=LMM0c
Line 706: 2025-11-17 07:58:17,548 [SRV-MACH-9921] TRACE passwrd=b4tgdpeNkmTS garbage=8w8pqKq72ZshC
Line 712: 2025-11-17 07:58:17,548 [SRV-MACH-9921] INFO Credential=I9W7M3#F garbage=C58IBJhskCe60bx
Line 714: 2025-11-17 07:58:17,548 [MACH-3341] INFO account no=V9ytD*OGe^rb garbage=gSLrmszk
Line 715: 2025-11-17 07:58:17,548 [SRV-MACH-9921] WARN acc no=HwPd7AQ^h5T garbage=sSurlkg
Line 725: 2025-11-17 07:58:17,548 [ATM-M93-118] INFO acc no=4h&K4OGPLzWG garbage=JaTWA5
Line 726: 2025-11-17 07:58:17,548 [ATM-M93-118] WARN decodeNewPasswrd=pPsaEm7XZ garbage=MXtDR
Line 728: 2025-11-17 07:58:17,548 [CORE-2281] TRACE acc no=f3qDubrNmqRc garbage=q5KCu52WdTq2B
Line 730: 2025-11-17 07:58:17,548 [SRV-MACH-9921] INFO account no=%#antV$fLHgK garbage=Ot2Zyj
Line 736: 2025-11-17 07:58:17,549 [MACH-3341] TRACE cred=O#z*hN^8!C2Dy garbage=v6hDK2YPtSrFv4F
Line 744: 2025-11-17 07:58:17,549 [MACH-3341] DEBUG Cred=MDtIeoMQYj garbage=Mbfa4
Line 752: 2025-11-17 07:58:17,549 [MACH-3341] DEBUG decodePassword=5SxEm#Xo3 garbage=idpACAW65uBGe
Line 754: 2025-11-17 07:58:17,549 [MACH-3341] DEBUG passwrd=K2P7uR6*Sg garbage=B4OKg
Line 757: 2025-11-17 07:58:17,549 [BR-9912] ERROR Credentials=zkM6mp@157kWpNg garbage=Uhb9t
Line 762: 2025-11-17 07:58:17,549 [SRV-MACH-9921] ERROR account number=M6M0kx9Ea7OH garbage=rhXLvnD2fg
Line 771: 2025-11-17 07:58:17,549 [MACH-3341] TRACE acc no=8TKruUN8Lq garbage=AqcidpcfJ
Line 773: 2025-11-17 07:58:17,549 [ATM-M93-118] DEBUG pswd=PPjD!Wu&lL garbage=mP4CwWKdJ
Line 776: 2025-11-17 07:58:17,549 [MACH-3341] ERROR Cred=GxK4bw2QerOQ garbage=LgDMp
Line 777: 2025-11-17 07:58:17,549 [ATM-M93-118] ERROR acc no=f!#17yTe@bOW garbage=wWCcqSAgEYreLuo
Line 788: 2025-11-17 07:58:17,550 [BR-9912] INFO decodePasswrd=2h1UFlQI577 garbage=sOVvrx7S
Line 790: 2025-11-17 07:58:17,550 [BR-9912] WARN pwd=wkMufW2JB&H garbage=TI9Q8g7j
Line 794: 2025-11-17 07:58:17,550 [MACH-3341] WARN decodeConfPasswrd=S9VsvY5f garbage=kY6DQ1aIxNA
Line 798: 2025-11-17 07:58:17,550 [SRV-MACH-9921] ERROR account number=aW%I&dJjH garbage=d02Suqgbm
Line 799: 2025-11-17 07:58:17,550 [MACH-3341] DEBUG decodeConfPasswrd=FGlszoAq$MD garbage=ytZljPHb5e
Line 802: 2025-11-17 07:58:17,550 [SRV-MACH-9921] TRACE account no=S$$py9Bm& garbage=0jtB67H36
Line 809: 2025-11-17 07:58:17,550 [BR-9912] WARN pwd=T!&yTFNBcvF# garbage=VVPyYwfLvTwJ
Line 814: 2025-11-17 07:58:17,550 [SRV-MACH-9921] TRACE pwd=8TT^3mJV^32 garbage=dnZXX
Line 816: 2025-11-17 07:58:17,550 [MACH-3341] DEBUG passwrd=E0GT$sO8I garbage=dY3YlZNq7FG
Line 820: 2025-11-17 07:58:17,550 [MACH-3341] DEBUG paswrd=1DmATe#8QPyoIw& garbage=81vM5SHhuxzM
Line 825: 2025-11-17 07:58:17,550 [BR-9912] TRACE cred=eZ*KBzrI garbage=2JHWgrBF
Line 833: 2025-11-17 07:58:17,550 [MACH-3341] ERROR acc no=nmfBkrs*&d3 garbage=90EtBPR
Line 834: 2025-11-17 07:58:17,550 [MACH-3341] INFO Cred=Q9z0Ve%aNJxQ garbage=MkgDg2TSXoCi
Line 838: 2025-11-17 07:58:17,550 [SRV-MACH-9921] INFO passwrd=8uAT6KkoBOxZ3 garbage=btZoIRI5
Line 839: 2025-11-17 07:58:17,550 [BR-9912] TRACE paswrd=uuPwTH5swI1 garbage=M01yYx
Line 840: 2025-11-17 07:58:17,550 [CORE-2281] WARN cred=$&ytemlfONd#X9 garbage=6IXVkVL
Line 844: 2025-11-17 07:58:17,550 [BR-9912] INFO Acc No=coqK9jkS garbage=yzT68r
Line 845: 2025-11-17 07:58:17,550 [CORE-2281] DEBUG cred=XDVPE40Ms0J$ garbage=BfPKV
Line 846: 2025-11-17 07:58:17,550 [BR-9912] DEBUG Account No=lUm#w&9nQ6y garbage=6oycHYD
Line 850: 2025-11-17 07:58:17,550 [MACH-3341] WARN account no=7CwD&0rA$oahpra garbage=xE1FoDHOb
Line 853: 2025-11-17 07:58:17,551 [ATM-M93-118] ERROR Credentials=8#mJS8D$3j# garbage=o7e4wVzut
Line 856: 2025-11-17 07:58:17,551 [CORE-2281] WARN paswrd=U&&7iw*TM4X garbage=uPeFNJi3IK3
Line 859: 2025-11-17 07:58:17,551 [MACH-3341] TRACE decodeNewPasswrd=qjTVnJCu garbage=V9nWWi0j1
Line 864: 2025-11-17 07:58:17,551 [BR-9912] TRACE decodePassword=Ia%VPfJ3 garbage=cpJfBEQAb
Line 867: 2025-11-17 07:58:17,551 [ATM-M93-118] WARN decodeConfPasswrd=vBszubYX%pqerQ garbage=z24HmVJPO3
Line 868: 2025-11-17 07:58:17,551 [BR-9912] WARN account no=LgpPca8K garbage=MpIg00
Line 869: 2025-11-17 07:58:17,551 [MACH-3341] TRACE Credentials=hL7DV!fdOe garbage=N6EzOOYwTiLbI
Line 870: 2025-11-17 07:58:17,551 [BR-9912] DEBUG paswrd=x6*D1&3WKb3qPZ garbage=byDtAPRrC0F3SOV
Line 871: 2025-11-17 07:58:17,551 [SRV-MACH-9921] TRACE decodeNewPasswrd=N&xx7JnN&^var4$ garbage=wXlUv
Line 874: 2025-11-17 07:58:17,551 [BR-9912] ERROR decodeNewPasswrd=6V8EmEDfd2e%^n garbage=tOqVjzQ4u
Line 876: 2025-11-17 07:58:17,551 [SRV-MACH-9921] ERROR account no=wd7r^hTFJi5C garbage=lcQbown9ViQ
Line 883: 2025-11-17 07:58:17,551 [ATM-M93-118] DEBUG acc no=9r2*gQY3Z garbage=lCmOTa
Line 884: 2025-11-17 07:58:17,551 [BR-9912] DEBUG decodeNewPasswrd=6hItxxuQHz1BVz garbage=Iy2IOzQA85fFcm3
Line 889: 2025-11-17 07:58:17,551 [BR-9912] ERROR decodePassword=Jl7H@DDv#^ garbage=FQ9fwO
Line 890: 2025-11-17 07:58:17,551 [SRV-MACH-9921] INFO passwrd=iFW7WDAV!hpm garbage=W1mDNXRvoM1sVcE
Line 891: 2025-11-17 07:58:17,551 [SRV-MACH-9921] DEBUG decodeConfPasswrd=@yaFIYw8IvlX#pK garbage=wbPOdnV8RBwmaL
Line 893: 2025-11-17 07:58:17,551 [MACH-3341] INFO decodePassword=HTtlC#0rUBQ0jxd garbage=7Z2OBpCv8
Line 895: 2025-11-17 07:58:17,551 [SRV-MACH-9921] WARN pass=Cp3WVTu&Mj4$Nh garbage=3pXr0v7muKz
Line 896: 2025-11-17 07:58:17,551 [SRV-MACH-9921] ERROR cred=CrKP0RMyzxV garbage=dn1faqKmgdlE
Line 897: 2025-11-17 07:58:17,551 [ATM-M93-118] DEBUG pass=9h1hZUmKuI garbage=o6oi2h
Line 899: 2025-11-17 07:58:17,551 [MACH-3341] DEBUG Credential=W4!8akg3& garbage=VorbKN75vIU6E
Line 904: 2025-11-17 07:58:17,551 [ATM-M93-118] ERROR Acc No=y@7N82kq9zcS# garbage=HO3F3cPiBj
Line 905: 2025-11-17 07:58:17,551 [CORE-2281] TRACE Credentials=oY5AXyIsvXJYn@ garbage=ANiIZfgF860KpAl
Line 910: 2025-11-17 07:58:17,552 [CORE-2281] TRACE credential=N*7n81qE2ZS0h2 garbage=9GuzN
Line 912: 2025-11-17 07:58:17,552 [MACH-3341] INFO paswrd=lFq$9br1# garbage=r09nhb
Line 918: 2025-11-17 07:58:17,552 [MACH-3341] DEBUG pswd=UGdlNOaY^4fg garbage=WimAAQRHPB
Line 920: 2025-11-17 07:58:17,552 [MACH-3341] DEBUG credential=vMOKTHUYkr5k garbage=gmpK5OEkA9R
Line 925: 2025-11-17 07:58:17,552 [MACH-3341] WARN paswrd=BParKmLl3$l garbage=ewfK66iU2ha7j
Line 929: 2025-11-17 07:58:17,552 [ATM-M93-118] WARN acc no=cOxXe6R1a3Hs garbage=nFnMmmdP
Line 930: 2025-11-17 07:58:17,552 [BR-9912] TRACE Credentials=6P%m@OR#P garbage=2YVlBOH
Line 932: 2025-11-17 07:58:17,552 [BR-9912] TRACE cred=t!hf18NGqH garbage=mAV9HYbKa85ZF
Line 934: 2025-11-17 07:58:17,552 [ATM-M93-118] ERROR Account No=YVmp4Cel!n3Wuc garbage=10UAFYLhp
Line 942: 2025-11-17 07:58:17,552 [MACH-3341] TRACE Credential=UlfvoCUsdLuVE2D garbage=qCkCg
Line 944: 2025-11-17 07:58:17,552 [MACH-3341] DEBUG paswrd=Hh@to08JD4$V garbage=4smN3tmwD2aBb
Line 945: 2025-11-17 07:58:17,552 [ATM-M93-118] ERROR Account No=KbXVS#YfOw garbage=cI4XW3
Line 947: 2025-11-17 07:58:17,552 [MACH-3341] DEBUG passwrd=r2%AaiKxAAO$ garbage=nizg3vGLLfdw00j
Line 953: 2025-11-17 07:58:17,552 [ATM-M93-118] WARN pswd=n7f@5Yjf*%4n8Qo garbage=skECqS
Line 954: 2025-11-17 07:58:17,552 [ATM-M93-118] INFO pwd=R$0BOOH*Vw0t3 garbage=RZxHd
Line 955: 2025-11-17 07:58:17,552 [MACH-3341] TRACE passwrd=ZVBbE!#qljBvn garbage=bbKN9CPGBPkY
Line 956: 2025-11-17 07:58:17,552 [BR-9912] TRACE Acc No=QHP6i@GnPDSF# garbage=qLmogE5w7o
Line 973: 2025-11-17 07:58:17,552 [ATM-M93-118] DEBUG credential=dCCH&tyw! garbage=EYeH2VLgwIeKO
Line 975: 2025-11-17 07:58:17,553 [MACH-3341] DEBUG acc no=oaa*PM#KJDCK4Ex garbage=ArExu
Line 977: 2025-11-17 07:58:17,553 [ATM-M93-118] ERROR decodeConfPasswrd=S@XoDWRI$m9nz garbage=6hM87r
Line 980: 2025-11-17 07:58:17,553 [SRV-MACH-9921] DEBUG decodeNewPasswrd=3!Eub*GKTIL garbage=3XipeBwFMM3n
Line 988: 2025-11-17 07:58:17,553 [SRV-MACH-9921] DEBUG pwd=7VINehR265RBsO% garbage=SDZyPXt
Line 994: 2025-11-17 07:58:17,553 [CORE-2281] ERROR decodePasswrd=fkERwR#QV17KIi% garbage=QGSfkpoiF7sFk1W
Line 995: 2025-11-17 07:58:17,553 [ATM-M93-118] DEBUG credential=3rMKI$tvK3211 garbage=6leKdJEm8VxHLQ
Line 996: 2025-11-17 07:58:17,553 [MACH-3341] ERROR credential=14PAYygeI1%f garbage=aIEoVdi
