Line 3: 2025-11-17 07:58:17,515 [CORE-2281] ERROR decodeOldPasswrd=QGhNua*s garbage=Q1DPDpQpDJ
Line 8: 2025-11-17 07:58:17,515 [BR-9912] INFO account no=drPMSIhvpio#A garbage=FtALYW
Line 11: 2025-11-17 07:58:17,515 [MACH-3341] DEBUG acc no=EpVcLPJzPEW6Idx garbage=jn5NPCLSnD
Line 14: 2025-11-17 07:58:17,515 [CORE-2281] INFO passwrd=O0A%P&@Rw garbage=paX5APtMXAtd8pd
Line 16: 2025-11-17 07:58:17,515 [CORE-2281] DEBUG Credential=qfIkLbkxG garbage=jZQ0x0tE7o
Line 17: 2025-11-17 07:58:17,515 [BR-9912] DEBUG paswrd=dIT4S9p3s* garbage=V0e7oK9VG
Line 28: 2025-11-17 07:58:17,515 [MACH-3341] DEBUG Acc No=SkbeyVXQ3*$x3Wd garbage=blhrJe
Line 31: 2025-11-17 07:58:17,515 [CORE-2281] WARN Credential=H*KXW%Pe garbage=8FNIq5lIDd0
Line 45: 2025-11-17 07:58:17,516 [MACH-3341] DEBUG account number=*dGRoO3pN* garbage=5z6XbA
Line 46: 2025-11-17 07:58:17,516 [MACH-3341] WARN decodePasswrd=fSyGs!FkJ garbage=TiLJiOT
Line 47: 2025-11-17 07:58:17,516 [CORE-2281] WARN decodePassword=JQ1b4H$XXKN4yk garbage=amy7gz
Line 49: 2025-11-17 07:58:17,516 [CORE-2281] TRACE decodeOldPasswrd=WBU%*L#FxI$^u8 garbage=Kc2CkdSAkomaja
Line 51: 2025-11-17 07:58:17,516 [BR-9912] INFO account number=Lk4t4yNNK garbage=BHCP3z4k
Line 52: 2025-11-17 07:58:17,516 [ATM-M93-118] DEBUG decodePassword=e3z*sWG^Q0zDa garbage=R2t8bb
Line 54: 2025-11-17 07:58:17,516 [ATM-M93-118] ERROR cred=%Em3dkGI@FK garbage=lvfU0BKxZ231
Line 55: 2025-11-17 07:58:17,516 [BR-9912] ERROR passwrd=AvR2bp6NpCl garbage=m4WjZS
Line 56: 2025-11-17 07:58:17,516 [BR-9912] TRACE decodeNewPasswrd=bLz78D$ECFV garbage=7u8Abi8XoC
Line 59: 2025-11-17 07:58:17,516 [ATM-M93-118] WARN decodePasswrd=klLc2%ms garbage=ACu54EC
Line 60: 2025-11-17 07:58:17,516 [BR-9912] DEBUG decodeConfPasswrd=%JC!ieUUY^F^ garbage=abmSH5icik9oU
Line 65: 2025-11-17 07:58:17,516 [BR-9912] ERROR decodeOldPasswrd=B2zL9gNRdy garbage=MvSlUAW2
Line 67: 2025-11-17 07:58:17,516 [SRV-MACH-9921] DEBUG Credentials=cdRSAER$ garbage=x9dJbFd0QhA
Line 70: 2025-11-17 07:58:17,516 [BR-9912] TRACE decodePasswrd=nQPbozvsP garbage=u4dUSdSVv9
Line 71: 2025-11-17 07:58:17,516 [MACH-3341] ERROR account number=LxyFma5z5v garbage=HWJpg6SUsu
Line 73: 2025-11-17 07:58:17,516 [ATM-M93-118] TRACE decodeOldPasswrd=jcmH%oA%Asj0 garbage=5WnOyZr
Line 74: 2025-11-17 07:58:17,516 [SRV-MACH-9921] DEBUG acc no=Yfy7yw8w1&Op7hd garbage=EkvYriVD7OAp
Line 75: 2025-11-17 07:58:17,516 [SRV-MACH-9921] TRACE Cred=q*GPZj^$s garbage=syFDEXpcKFB6
Line 76: 2025-11-17 07:58:17,516 [SRV-MACH-9921] WARN Credentials=UIJO0DnEhVfD^N4 garbage=x2cNuttGw5q
Line 78: 2025-11-17 07:58:17,516 [SRV-MACH-9921] ERROR pswd=Uc$J#gAdULw25o garbage=MralUBGSJOO
Line 80: 2025-11-17 07:58:17,516 [ATM-M93-118] WARN decodeConfPasswrd=&omQw1obqh*1&7 garbage=VJqD5KFxKV
Line 81: 2025-11-17 07:58:17,516 [SRV-MACH-9921] TRACE pwd=m%2l4sV*kocM$!C garbage=yr2gFrs
Line 91: 2025-11-17 07:58:17,516 [BR-9912] WARN Credentials=s7CJnazJpyvdCps garbage=PFRrleW
Line 95: 2025-11-17 07:58:17,516 [SRV-MACH-9921] TRACE decodePassword=Adqho&trP0Pb garbage=jvv2BnnxNC9mVw
Line 97: 2025-11-17 07:58:17,516 [CORE-2281] INFO decodePassword=9z#fJBkMd9RTb garbage=CFSKTAUKe
Line 98: 2025-11-17 07:58:17,516 [SRV-MACH-9921] DEBUG decodeNewPasswrd=qVb6Cb5Nl!nd garbage=auUSASs12
Line 103: 2025-11-17 07:58:17,517 [MACH-3341] TRACE paswrd=UW@3PZ9ej04 garbage=zLz6bU4dq4Fp5Or
Line 104: 2025-11-17 07:58:17,517 [CORE-2281] ERROR decodeConfPasswrd=8!iJZboWXD garbage=4zLSK
Line 105: 2025-11-17 07:58:17,517 [SRV-MACH-9921] WARN Account No=3x2NZh^r! garbage=yPsgJq6sl9v9y
Line 109: 2025-11-17 07:58:17,517 [ATM-M93-118] WARN decodePassword=tFWp#kY5FAkJG garbage=SQlExWIfrkvnaxa
Line 111: 2025-11-17 07:58:17,517 [BR-9912] WARN decodePassword=xxX@G@U!oK garbage=nnVMueq
Line 114: 2025-11-17 07:58:17,517 [MACH-3341] INFO decodePassword=GQN1Ol^BFOg082 garbage=sfA6DfZFIZv
Line 137: 2025-11-17 07:58:17,521 [SRV-MACH-9921] TRACE acc no=0g47ZRKq garbage=apUZsPQPmb4fZ8
Line 139: 2025-11-17 07:58:17,521 [ATM-M93-118] ERROR account number=D!sTkOaWqO garbage=pSgrx
Line 146: 2025-11-17 07:58:17,521 [MACH-3341] ERROR credential=O0rA4o@#cY garbage=nBKSxk
Line 147: 2025-11-17 07:58:17,521 [BR-9912] DEBUG pswd=PXShkov8#9MW garbage=qm9ghnWrC9j
Line 148: 2025-11-17 07:58:17,521 [MACH-3341] ERROR decodePassword=n%XnwTtMpxx^ garbage=0O0rIZ4
Line 151: 2025-11-17 07:58:17,521 [BR-9912] INFO account no=@Ecjt$ym7f garbage=Rri6G4
Line 152: 2025-11-17 07:58:17,521 [MACH-3341] ERROR decodePassword=rzmA0#nZy garbage=WUCXFiEa
Line 161: 2025-11-17 07:58:17,522 [SRV-MACH-9921] DEBUG Acc No=772M6&FX*Ula5 garbage=Yr2iYCMBkG
Line 163: 2025-11-17 07:58:17,522 [MACH-3341] TRACE decodeConfPasswrd=dgK#G^vpTwwf$ garbage=ZcV59z1RFm
Line 164: 2025-11-17 07:58:17,522 [CORE-2281] ERROR pswd=6L3Occv4I garbage=iFmyFa04vD
Line 167: 2025-11-17 07:58:17,522 [ATM-M93-118] TRACE Cred=3#Xy72COizxqB#Q garbage=wvlD0VK80
Line 181: 2025-11-17 07:58:17,522 [SRV-MACH-9921] WARN pass=goWFpAY!V garbage=jXAKC
Line 184: 2025-11-17 07:58:17,522 [SRV-MACH-9921] TRACE passwrd=l8F069A^C*AJGZD garbage=OUUAdPyKwDrh9
Line 185: 2025-11-17 07:58:17,522 [MACH-3341] INFO decodeConfPasswrd=@dMncrQoT2 garbage=szKdF
Line 188: 2025-11-17 07:58:17,522 [BR-9912] TRACE Credentials=R9YGbGpxGsf garbage=mkS2xyz
Line 190: 2025-11-17 07:58:17,522 [SRV-MACH-9921] INFO paswrd=mSS6i%0lv3$!nD garbage=IwRAXKZkG
Line 205: 2025-11-17 07:58:17,522 [CORE-2281] WARN paswrd=L2^zQXO3!Tl$mp garbage=7qcGVD6C
Line 208: 2025-11-17 07:58:17,522 [BR-9912] INFO Credentials=OzB8aIzWIlJ!v#D garbage=MTx8477
Line 209: 2025-11-17 07:58:17,522 [ATM-M93-118] ERROR account number=WiBUHEinSEbVT85 garbage=CesVM
Line 211: 2025-11-17 07:58:17,522 [ATM-M93-118] WARN Credential=ol2wOVGW garbage=tfx8DFYVOoy2JPP
Line 215: 2025-11-17 07:58:17,522 [CORE-2281] ERROR Account No=gQ@RtsoSJW garbage=m5kPImsy
Line 218: 2025-11-17 07:58:17,523 [BR-9912] DEBUG cred=RPlanBX0R garbage=ynhbuPhe
Line 219: 2025-11-17 07:58:17,523 [MACH-3341] WARN Credential=40gD#CCXH^S0#Au garbage=a4xYrMf6SXl0
Line 221: 2025-11-17 07:58:17,523 [CORE-2281] INFO decodeNewPasswrd=^wAkR@ZtfLzEX1 garbage=6OirEDWvF
Line 230: 2025-11-17 07:58:17,523 [MACH-3341] INFO pwd=b2oKxe4S%X garbage=p2t3IvzbwI
Line 234: 2025-11-17 07:58:17,523 [CORE-2281] DEBUG decodePasswrd=zv*0sb37 garbage=es20VCLRMI
Line 239: 2025-11-17 07:58:17,523 [CORE-2281] INFO cred=PR!Go8RN2RoBW4 garbage=26CBWrXq
Line 247: 2025-11-17 07:58:17,523 [SRV-MACH-9921] INFO decodePasswrd=edq&fguujf garbage=sUPR4oT3XaevTd
Line 249: 2025-11-17 07:58:17,523 [SRV-MACH-9921] WARN pass=*nhRAHdTP#B garbage=jsHzt9cIzyVSE
Line 250: 2025-11-17 07:58:17,523 [MACH-3341] ERROR pswd=WTh!YVCH!jDaI*n garbage=gehrJCVAD
Line 253: 2025-11-17 07:58:17,523 [SRV-MACH-9921] TRACE decodeConfPasswrd=StmbTp87s&B garbage=Ddhw5UHew
Line 258: 2025-11-17 07:58:17,523 [SRV-MACH-9921] WARN paswrd=Kw7*dn1LQtEF garbage=5aP9xnA1OwE
Line 260: 2025-11-17 07:58:17,523 [SRV-MACH-9921] TRACE Credential=i^3o%O23W garbage=JVJ1Uk9QOn
Line 263: 2025-11-17 07:58:17,523 [BR-9912] TRACE Credential=KQ0vVcbsGqu0 garbage=So6ZTtUlQY4ZKk
Line 264: 2025-11-17 07:58:17,523 [CORE-2281] TRACE decodeNewPasswrd=Ws@AKlJjpJnD garbage=i53BKK
Line 265: 2025-11-17 07:58:17,523 [CORE-2281] INFO paswrd=c4vek0J5Ue! garbage=dxAb2K9
Line 267: 2025-11-17 07:58:17,523 [MACH-3341] DEBUG credential=12W^OAjw garbage=T6GLehAoIflAed
Line 271: 2025-11-17 07:58:17,523 [CORE-2281] INFO passwrd=VfDEZooCL garbage=HvTHa
Line 278: 2025-11-17 07:58:17,523 [BR-9912] TRACE cred=DvS9t7JAs# garbage=RIGQLRwWrB4i
Line 287: 2025-11-17 07:58:17,524 [MACH-3341] WARN credential=TQdHYi!$UV*Hi garbage=fSgYF
Line 291: 2025-11-17 07:58:17,524 [SRV-MACH-9921] INFO acc no=L0CpjR1! garbage=mFYVWW
Line 295: 2025-11-17 07:58:17,524 [ATM-M93-118] ERROR paswrd=&nULtoh@%k@ garbage=0IUuogJX
Line 297: 2025-11-17 07:58:17,524 [BR-9912] DEBUG decodeOldPasswrd=niij*GPnvUEOAzw garbage=RxQzkVv8evs8xd
Line 303: 2025-11-17 07:58:17,524 [CORE-2281] ERROR cred=r6Q*G$WkV garbage=VrqGTh0S7HXmi38
Line 304: 2025-11-17 07:58:17,524 [BR-9912] INFO acc no=E8PhVpfQ garbage=tHhKENvC
Line 308: 2025-11-17 07:58:17,524 [ATM-M93-118] DEBUG pwd=ArRo8&m5CHs41 garbage=XbvZ37I56UDMVB
Line 309: 2025-11-17 07:58:17,524 [BR-9912] WARN paswrd=qBbXFWKKxrU garbage=laeRh
Line 311: 2025-11-17 07:58:17,524 [SRV-MACH-9921] WARN Credentials=Eaa$jA^el garbage=yEZQVWIzwcH9bY
Line 313: 2025-11-17 07:58:17,524 [MACH-3341] TRACE paswrd=xPI7xOO!md garbage=LOLgrNEu8JyYHr
Line 314: 2025-11-17 07:58:17,524 [MACH-3341] WARN passwrd=a^Gcjf2WCqjB4$D garbage=LAbXtJ4jytQ
Line 316: 2025-11-17 07:58:17,524 [CORE-2281] ERROR account number=jn3$nVZ3N garbage=bRBCe2G5Fg
Line 329: 2025-11-17 07:58:17,524 [BR-9912] ERROR account number=6c^GNEKr!2GaZUZ garbage=UOwBgfOWvvHMyU9
Line 331: 2025-11-17 07:58:17,524 [MACH-3341] TRACE decodeOldPasswrd=7BzHfboZr18xJ garbage=nNFEyhbrKvwnUQG
Line 332: 2025-11-17 07:58:17,524 [SRV-MACH-9921] INFO credential=oCgi@9anfA8H6 garbage=kNbOr1jtclfslGc
Line 335: 2025-11-17 07:58:17,524 [MACH-3341] DEBUG pwd=yZ#gRzTzMUz^rJ! garbage=4PdvzX85L
Line 342: 2025-11-17 07:58:17,524 [ATM-M93-118] TRACE decodeOldPasswrd=%ZRFuavUhTlfY garbage=hsuTOS9O
Line 343: 2025-11-17 07:58:17,525 [CORE-2281] ERROR decodeNewPasswrd=lBO3M&DZnsS69yZ garbage=oVke3sWV
Line 354: 2025-11-17 07:58:17,525 [SRV-MACH-9921] ERROR cred=@W!RB0TVEr garbage=QN9be54
Line 356: 2025-11-17 07:58:17,525 [SRV-MACH-9921] WARN pass=fBSXH!NIE6c@S8 garbage=R9ubzJ
Line 357: 2025-11-17 07:58:17,525 [SRV-MACH-9921] WARN decodeOldPasswrd=x0T!te8i5YQO5 garbage=kS4xPJOxzXus7
Line 358: 2025-11-17 07:58:17,525 [CORE-2281] WARN cred=t^0h0IeC garbage=uTB808e
Line 359: 2025-11-17 07:58:17,525 [MACH-3341] WARN decodeNewPasswrd=TT2RuMX1@ garbage=BQZVeYJirj6QgK
Line 362: 2025-11-17 07:58:17,525 [CORE-2281] DEBUG pass=PF0dDO!EM garbage=KDHn2
Line 363: 2025-11-17 07:58:17,525 [BR-9912] TRACE Account No=FjYG%Vx* garbage=VNOHrp1
Line 370: 2025-11-17 07:58:17,525 [BR-9912] TRACE decodePasswrd=XceiHkhlzZ garbage=oU11N1oLUOx
Line 372: 2025-11-17 07:58:17,525 [CORE-2281] WARN paswrd=3b09STXY@L@ garbage=ERbf2AkD6oU
Line 374: 2025-11-17 07:58:17,525 [CORE-2281] INFO Account No=$r&IQb!c*G garbage=KJIAkgcSuguGwq
Line 375: 2025-11-17 07:58:17,525 [SRV-MACH-9921] DEBUG pswd=gWzGWZO^eJ garbage=X9C8K8oVBtydr
Line 377: 2025-11-17 07:58:17,525 [CORE-2281] DEBUG Credentials=Rz#1*$$myv garbage=9hYmr2Sw
Line 378: 2025-11-17 07:58:17,525 [MACH-3341] INFO passwrd=q5BwIoSt!Rsjgli garbage=T2hiZ
Line 380: 2025-11-17 07:58:17,525 [CORE-2281] ERROR decodeNewPasswrd=q@3cN9zSyxva garbage=4gi6ElI
Line 383: 2025-11-17 07:58:17,525 [BR-9912] WARN acc no=S%nyLwPAH@n garbage=fon2Eb
Line 389: 2025-11-17 07:58:17,525 [MACH-3341] WARN account number=qTvz%UFt7W garbage=9Lzg9G71bhG7
Line 390: 2025-11-17 07:58:17,525 [ATM-M93-118] ERROR paswrd=eWF1&8LrHM garbage=QCucfBYOVv
Line 393: 2025-11-17 07:58:17,526 [MACH-3341] WARN cred=g9TU$MyIGp garbage=AXFSm
Line 399: 2025-11-17 07:58:17,526 [BR-9912] INFO Credentials=yObB@e4LB5TI garbage=dxQoRuGuzmpOx3
Line 403: 2025-11-17 07:58:17,526 [ATM-M93-118] ERROR Cred=HW^Vd%wi garbage=jVsWV3s
Line 415: 2025-11-17 07:58:17,526 [MACH-3341] TRACE credential=DgPamo*D13 garbage=Nvuuqc6TLPyF
Line 420: 2025-11-17 07:58:17,526 [BR-9912] DEBUG credential=oThJx$F^lh#q garbage=OfllMYcDHx
Line 423: 2025-11-17 07:58:17,526 [ATM-M93-118] DEBUG acc no=!@WsOAiBlZeNU6 garbage=PtEy7WluMz
Line 427: 2025-11-17 07:58:17,526 [BR-9912] DEBUG paswrd=gg9pNZLD^ garbage=MBXlvi
Line 428: 2025-11-17 07:58:17,526 [CORE-2281] INFO account no=xplv$wu4Q garbage=vbpImr7p
Line 429: 2025-11-17 07:58:17,526 [SRV-MACH-9921] DEBUG Acc No=XeTiKQcAp8% garbage=TvF3BSNjlkK5
Line 434: 2025-11-17 07:58:17,526 [ATM-M93-118] INFO pass=J$VYfvjvhZPmgoR garbage=gjOKfZ5CsR
Line 436: 2025-11-17 07:58:17,526 [MACH-3341] TRACE decodeConfPasswrd=IA#5d9WGNG92L garbage=jckd97Yl
Line 440: 2025-11-17 07:58:17,526 [BR-9912] TRACE acc no=evden#Swc garbage=zXRA3r42cAS
Line 441: 2025-11-17 07:58:17,526 [ATM-M93-118] TRACE Acc No=IyevDXbi0YWw8 garbage=wyRMELegk
Line 442: 2025-11-17 07:58:17,526 [BR-9912] WARN passwrd=*z1aRzXh garbage=fKcGryp
Line 443: 2025-11-17 07:58:17,526 [BR-9912] WARN account number=7KtGFakij@6XjIi garbage=hMllelkfNK9Rv4
Line 449: 2025-11-17 07:58:17,527 [MACH-3341] ERROR decodePasswrd=$UO!n3$TV^#Eg garbage=wUiQw
Line 450: 2025-11-17 07:58:17,527 [BR-9912] ERROR pwd=qjXNDN21 garbage=mK4JMYD
Line 451: 2025-11-17 07:58:17,527 [CORE-2281] WARN decodePasswrd=fhK4EgQJme^ garbage=mHXnLpn5
Line 453: 2025-11-17 07:58:17,527 [MACH-3341] ERROR pwd=$#u9Fo%UpDd% garbage=2lVx4DiA
Line 455: 2025-11-17 07:58:17,527 [MACH-3341] TRACE credential=TfWA2lUsU5D7bXe garbage=zsHgw2a
Line 457: 2025-11-17 07:58:17,527 [SRV-MACH-9921] WARN passwrd=wa4XTDyEJ garbage=GnzBt7
Line 459: 2025-11-17 07:58:17,527 [SRV-MACH-9921] ERROR decodePassword=EH4^MctaS6SF garbage=GtkP6ICXxZYiS4
Line 461: 2025-11-17 07:58:17,527 [ATM-M93-118] TRACE pass=@7IM5rSaX&O7xtC garbage=XsfpnOCu
Line 468: 2025-11-17 07:58:17,527 [MACH-3341] INFO pass=%Jnl2c9tq!W1 garbage=HcSKWjXY
Line 470: 2025-11-17 07:58:17,527 [ATM-M93-118] TRACE account number=r#WUjq67@4uT garbage=6Z4sserPpsEn
Line 477: 2025-11-17 07:58:17,527 [MACH-3341] DEBUG paswrd=uE&YxFi*$aPA garbage=zucsAfujO12
Line 482: 2025-11-17 07:58:17,527 [ATM-M93-118] TRACE pswd=9%9gnxHA^LTmg7 garbage=420ZfqHdyV
Line 485: 2025-11-17 07:58:17,527 [MACH-3341] TRACE Cred=PPb7C^mkCuBR garbage=LJDRD
Line 489: 2025-11-17 07:58:17,527 [ATM-M93-118] INFO decodeConfPasswrd=GnMWxNM&vVh garbage=vuEqgnkj7og
Line 494: 2025-11-17 07:58:17,527 [ATM-M93-118] INFO decodePasswrd=B7Pn6IJVTqNbB2 garbage=GLfPBBUeL
Line 497: 2025-11-17 07:58:17,528 [CORE-2281] ERROR credential=SnQt!RNVmF garbage=hvEH2GTk
Line 498: 2025-11-17 07:58:17,528 [BR-9912] INFO paswrd=!ioXqdjeuG garbage=dZvk9
Line 499: 2025-11-17 07:58:17,528 [MACH-3341] ERROR pwd=Ef2CG5ko%!SpB garbage=sGVV85wZ
Line 508: 2025-11-17 07:58:17,528 [SRV-MACH-9921] INFO Account No=yXTIZ5uJsS garbage=5fgnXTh4Pd4D
Line 513: 2025-11-17 07:58:17,528 [MACH-3341] ERROR credential=NH7k4Fb8!tP garbage=kyjohrkAkqZ60Z
Line 516: 2025-11-17 07:58:17,528 [SRV-MACH-9921] TRACE pwd=T^^jyYs9YD garbage=DutQ3Co
Line 519: 2025-11-17 07:58:17,528 [ATM-M93-118] WARN acc no=1JN@tmlQMEDPd9C garbage=kEcVzH0T0ESlx
Line 520: 2025-11-17 07:58:17,528 [BR-9912] ERROR acc no=U@$xn9oZzI3Vc garbage=MBkSE82E
Line 522: 2025-11-17 07:58:17,528 [MACH-3341] INFO acc no=YcEAh&OJQ garbage=ygt6o
Line 523: 2025-11-17 07:58:17,528 [MACH-3341] ERROR Account No=EUT2scjT6D garbage=tG8zTh
Line 524: 2025-11-17 07:58:17,528 [ATM-M93-118] DEBUG decodeNewPasswrd=Y#V3VZMJrjl garbage=xdA9um
Line 525: 2025-11-17 07:58:17,528 [ATM-M93-118] WARN pswd=%AvXxKGv#Kn@BI garbage=q7n1JKZb7sD1Z
Line 527: 2025-11-17 07:58:17,528 [SRV-MACH-9921] WARN pswd=IdaxJjv3%W!RD* garbage=duCK4dY5gZp87bj
Line 532: 2025-11-17 07:58:17,528 [ATM-M93-118] ERROR account no=HC3J1$XAbpNQr8X garbage=FNrNC8xHMLZQO
Line 539: 2025-11-17 07:58:17,528 [ATM-M93-118] TRACE decodeConfPasswrd=ERZHlf77BiJU6Ew garbage=yr0Lc54f5A7
Line 540: 2025-11-17 07:58:17,528 [BR-9912] DEBUG Acc No=dmSnOivYz#RMW# garbage=vbeeNq
Line 546: 2025-11-17 07:58:17,528 [ATM-M93-118] TRACE decodeConfPasswrd=8QdVYfSMF garbage=t4iHh
Line 549: 2025-11-17 07:58:17,528 [MACH-3341] WARN decodePasswrd=Rli!&hOYJxsZr5 garbage=4dW0H
Line 550: 2025-11-17 07:58:17,528 [SRV-MACH-9921] INFO acc no=y&CSV2OPP2n garbage=aYf6o99iKS206H
Line 551: 2025-11-17 07:58:17,528 [SRV-MACH-9921] INFO decodePasswrd=iEVJnU2q6tVDR garbage=Fp48CJhGDPY
Line 552: 2025-11-17 07:58:17,528 [SRV-MACH-9921] ERROR Acc No=#eCQ!WBN% garbage=N83G8
Line 553: 2025-11-17 07:58:17,528 [SRV-MACH-9921] WARN passwrd=30DbYMu*Gs^n*Bm garbage=DLi89oDR7WqUP
Line 554: 2025-11-17 07:58:17,528 [BR-9912] TRACE pwd=DL^dkZKHuNtp2 garbage=AsUwwb
Line 561: 2025-11-17 07:58:17,528 [BR-9912] ERROR account no=*9Yq@m@I%kHk1 garbage=AjAxLAFC8q6sZU
Line 562: 2025-11-17 07:58:17,528 [CORE-2281] WARN pswd=RA3N9%Nn&G& garbage=m6TvcBgaudb8
Line 564: 2025-11-17 07:58:17,528 [ATM-M93-118] INFO decodeNewPasswrd=$9MWoMXNf1*2zv garbage=lGBNFJzTHQi148
Line 566: 2025-11-17 07:58:17,528 [SRV-MACH-9921] WARN pswd=JmapY8KFiS7sUy garbage=ObbJP7XeJQ9zo
Line 569: 2025-11-17 07:58:17,529 [CORE-2281] DEBUG acc no=i7LIywU% garbage=A5O0FfkH
Line 570: 2025-11-17 07:58:17,529 [CORE-2281] WARN Credential=cLkP*Bjbr4 garbage=r4FJWrylK1zud
Line 572: 2025-11-17 07:58:17,529 [SRV-MACH-9921] INFO decodeNewPasswrd=%6@8C*g^w garbage=qTuw1lWw
Line 575: 2025-11-17 07:58:17,529 [MACH-3341] TRACE Credentials=S@X^hT8Txdk garbage=Sd53FwS4N
Line 582: 2025-11-17 07:58:17,529 [BR-9912] DEBUG pwd=Z2I8Kmou garbage=szgXCvHKeip
Line 583: 2025-11-17 07:58:17,529 [CORE-2281] ERROR account no=!F4liDPuvh!YM garbage=r8vV9
Line 584: 2025-11-17 07:58:17,529 [CORE-2281] WARN decodePassword=zo5sjABLB garbage=1uIxal4waiX
Line 585: 2025-11-17 07:58:17,529 [SRV-MACH-9921] WARN decodeNewPasswrd=Us0sxEMD garbage=VJ36JwHITXv
Line 588: 2025-11-17 07:58:17,529 [MACH-3341] DEBUG account number=E5AiWN4SSKHTF garbage=y8ttUtK5ANvhXpT
Line 589: 2025-11-17 07:58:17,529 [ATM-M93-118] ERROR Credential=fGyk!OMk#f6EJXk garbage=bJGjPlEApRLmYL
Line 590: 2025-11-17 07:58:17,529 [ATM-M93-118] ERROR Credential=nrBtYZHI garbage=OnBLJC8y
Line 591: 2025-11-17 07:58:17,529 [BR-9912] DEBUG cred=7zg19jW0zMK4$ garbage=1u2wJ7Eajj
Line 595: 2025-11-17 07:58:17,529 [CORE-2281] WARN account no=Zw2NyO364L#p4X garbage=yplXStw1JgoH
Line 596: 2025-11-17 07:58:17,529 [BR-9912] WARN decodeOldPasswrd=zooDx#upDz3c garbage=SiBBy1mm9
Line 597: 2025-11-17 07:58:17,529 [SRV-MACH-9921] ERROR paswrd=EuOumPimZMa garbage=UYdJepYR
Line 601: 2025-11-17 07:58:17,529 [ATM-M93-118] INFO Credentials=k^X!C2QNWGLipK4 garbage=42B7MXIeHOs
Line 603: 2025-11-17 07:58:17,529 [BR-9912] TRACE passwrd=4c9^dcGjcyMGrW8 garbage=DZXk6nWZ
Line 604: 2025-11-17 07:58:17,529 [MACH-3341] DEBUG Credentials=^C$nAE&* garbage=EJBKRV
Line 606: 2025-11-17 07:58:17,529 [BR-9912] ERROR pass=1t@l^bw6^rU garbage=6ZlyCr676x
Line 608: 2025-11-17 07:58:17,529 [MACH-3341] WARN account number=iSjX39kwqtdt garbage=iUB2g
Line 613: 2025-11-17 07:58:17,529 [CORE-2281] INFO pswd=G@DXtiwy garbage=GJwJbKN15
Line 616: 2025-11-17 07:58:17,529 [MACH-3341] INFO Cred=^LE6JhJI5eL garbage=4UZiIgg
Line 618: 2025-11-17 07:58:17,529 [MACH-3341] TRACE passwrd=%ZyHkUNtS$5 garbage=rssHid
Line 619: 2025-11-17 07:58:17,530 [SRV-MACH-9921] ERROR Credential=XEPjDIrOekfQ3My garbage=8i03MTKykqOf3J
Line 633: 2025-11-17 07:58:17,530 [BR-9912] INFO pwd=rn2OP5VrQVZU4wA garbage=JwxPrSEtCxs
Line 634: 2025-11-17 07:58:17,530 [CORE-2281] ERROR account no=4*^Y3a%WXxAp garbage=1ltR3VmPYtsNbY
Line 635: 2025-11-17 07:58:17,530 [CORE-2281] DEBUG pass=kb$Wd3^fuD2pZ6 garbage=8WjVYiRDHvMNgr
Line 637: 2025-11-17 07:58:17,530 [SRV-MACH-9921] WARN Account No=AvpLmJu0t garbage=7T2TG
Line 638: 2025-11-17 07:58:17,530 [MACH-3341] ERROR decodePassword=nBlllhRbMN garbage=siYcNR
Line 640: 2025-11-17 07:58:17,530 [ATM-M93-118] ERROR pass=PB1wMT0bo garbage=KNAKTNMam8t
Line 641: 2025-11-17 07:58:17,530 [BR-9912] WARN decodePasswrd=@OHye&*rm^yAKY garbage=sttsj
Line 643: 2025-11-17 07:58:17,530 [BR-9912] INFO Credential=6yblhbjU48 garbage=cRxFcprY
Line 646: 2025-11-17 07:58:17,530 [BR-9912] TRACE decodeNewPasswrd=@zx$#hQm4c7%QcO garbage=okM2p9IEMrRL
Line 648: 2025-11-17 07:58:17,530 [SRV-MACH-9921] WARN Credentials=nDQbX2VH!s107jE garbage=JzRu46cEeKsVO
Line 651: 2025-11-17 07:58:17,530 [BR-9912] INFO Acc No=LhoojYi$kfI#i garbage=ydzlWqo0J
Line 653: 2025-11-17 07:58:17,530 [ATM-M93-118] INFO acc no=2X8^ZblS^YYekz garbage=ylfUvvbtjea5wL
Line 655: 2025-11-17 07:58:17,530 [MACH-3341] ERROR decodeNewPasswrd=98RH#9h6 garbage=bMan0KmgC
Line 658: 2025-11-17 07:58:17,530 [CORE-2281] DEBUG decodeOldPasswrd=6yKRljG& garbage=MIRepQM6flNNO85
Line 664: 2025-11-17 07:58:17,531 [CORE-2281] TRACE decodeConfPasswrd=YNJtLsr9D garbage=oSdfS4dLY0q
Line 667: 2025-11-17 07:58:17,531 [BR-9912] TRACE passwrd=4PH^v89woxK5U garbage=zlhdP2n7Y
Line 669: 2025-11-17 07:58:17,531 [ATM-M93-118] DEBUG cred=S!EjP3SXE garbage=BJQtqpKce2
Line 673: 2025-11-17 07:58:17,531 [SRV-MACH-9921] DEBUG account number=FFI3OFqFHY garbage=VsBB2
Line 676: 2025-11-17 07:58:17,531 [BR-9912] DEBUG pswd=ojlM^AjZi garbage=VW2yVkVjU8R
Line 678: 2025-11-17 07:58:17,531 [MACH-3341] DEBUG Credential=8j7JUNnncSNfE garbage=Z2kRFcMjEwdfqNn
Line 681: 2025-11-17 07:58:17,531 [CORE-2281] WARN decodeOldPasswrd=%R4nKKhu%DGf3 garbage=n416jxd7rdVNiR
Line 690: 2025-11-17 07:58:17,531 [BR-9912] WARN passwrd=jv62Uhm4 garbage=IvmWaF5zKLMtWBW
Line 694: 2025-11-17 07:58:17,531 [CORE-2281] INFO decodeOldPasswrd=N6M2q19Vc garbage=EaO9q0n1boan
Line 697: 2025-11-17 07:58:17,531 [MACH-3341] ERROR Credential=H@lkozfhrnBurd9 garbage=hhBLHW
Line 698: 2025-11-17 07:58:17,531 [SRV-MACH-9921] TRACE Account No=22bOY$xFKwgdS garbage=TJq6QNPhNA
Line 701: 2025-11-17 07:58:17,531 [MACH-3341] DEBUG Cred=fej&g8GkKSYzI garbage=cjSS5up7QXl
Line 707: 2025-11-17 07:58:17,531 [BR-9912] ERROR Credentials=O$q1O2Pa$wVGek garbage=nOyZPpTIXgv8ZA
Line 710: 2025-11-17 07:58:17,531 [BR-9912] ERROR decodePassword=hZzuY1jmGqCV garbage=3DQzjL1YXuEs
Line 714: 2025-11-17 07:58:17,531 [SRV-MACH-9921] INFO decodePassword=XHFpQV4y1HVEeue garbage=2WIza
Line 716: 2025-11-17 07:58:17,532 [BR-9912] INFO pwd=xO3^0$smQk4X garbage=DDLTmupw
Line 718: 2025-11-17 07:58:17,532 [ATM-M93-118] ERROR pswd=k7PV@M5q2d garbage=3GoAkN5Gfetu
Line 719: 2025-11-17 07:58:17,532 [SRV-MACH-9921] INFO paswrd=w%q&osTzY8$ garbage=mIEyzBHQ
Line 720: 2025-11-17 07:58:17,532 [MACH-3341] INFO Acc No=wo%6izL4CrMBm garbage=4MAPsNFK1Z
Line 726: 2025-11-17 07:58:17,532 [ATM-M93-118] TRACE paswrd=f3OzAR7eQuuKO3& garbage=n1DTr
Line 727: 2025-11-17 07:58:17,532 [BR-9912] WARN decodePasswrd=JZ7x2ilRN@ssX$L garbage=jO1cIxFd6RfRV
Line 728: 2025-11-17 07:58:17,532 [ATM-M93-118] DEBUG decodePasswrd=CF6^7RjN5Vac garbage=qg3pjKiphWmLm
Line 729: 2025-11-17 07:58:17,532 [CORE-2281] ERROR pass=&z52!%2n9 garbage=wQsrNWdgvzpY
Line 730: 2025-11-17 07:58:17,532 [ATM-M93-118] DEBUG pswd=rN#X63a%bi4d garbage=xQNZXrTn1cz
Line 731: 2025-11-17 07:58:17,532 [SRV-MACH-9921] DEBUG acc no=7m4Yc9j^7 garbage=IeCEGRvOaxY
Line 733: 2025-11-17 07:58:17,532 [ATM-M93-118] ERROR pass=PU$1Xl0!wO#dL1U garbage=sG5NSIfu
Line 734: 2025-11-17 07:58:17,532 [SRV-MACH-9921] INFO Credential=@ht3R29u45@kS garbage=kkaAjkykhe
Line 737: 2025-11-17 07:58:17,532 [ATM-M93-118] ERROR acc no=CRQ3vn&5f garbage=A0PX1R8tOL3hwn
Line 738: 2025-11-17 07:58:17,532 [SRV-MACH-9921] ERROR Acc No=@Mst5ICID garbage=xTlrtcIKeVSDPod
Line 740: 2025-11-17 07:58:17,532 [BR-9912] TRACE Credential=yNS3olB^kLZ7IP@ garbage=S9CoVizJncWD
Line 742: 2025-11-17 07:58:17,532 [SRV-MACH-9921] WARN decodePasswrd=9pveMBjaS$$1 garbage=EMlKJ
Line 743: 2025-11-17 07:58:17,532 [MACH-3341] TRACE acc no=a#kod9$QavfEkU3 garbage=wYdPactRj7Mb7uk
Line 744: 2025-11-17 07:58:17,532 [BR-9912] ERROR decodeConfPasswrd=^#xGtgh29c7B! garbage=1OovrhPp4iCLTQK
Line 748: 2025-11-17 07:58:17,532 [CORE-2281] INFO cred=Y%UhXUq%s garbage=JGXoPC4q0PP0K9
Line 750: 2025-11-17 07:58:17,532 [SRV-MACH-9921] INFO passwrd=KU$SGVxqZuYaL garbage=A5xCTtBPUOVJgi
Line 755: 2025-11-17 07:58:17,532 [SRV-MACH-9921] INFO Account No=Kwv3d2^W4gN6m garbage=QqFaXh2
Line 758: 2025-11-17 07:58:17,532 [ATM-M93-118] TRACE cred=2U&EkkFmMHk garbage=DVARoozfu
Line 759: 2025-11-17 07:58:17,532 [BR-9912] WARN pass=h1CrHgqapd4e1pP garbage=07ghNInEV4v4
Line 760: 2025-11-17 07:58:17,532 [SRV-MACH-9921] ERROR acc no=LWcAXvOEuT garbage=uyl3N
Line 766: 2025-11-17 07:58:17,532 [CORE-2281] DEBUG passwrd=NClMk&^E1egg3H2 garbage=H1c6nq5Fu13
Line 767: 2025-11-17 07:58:17,532 [BR-9912] WARN pswd=yMA$fULH0$L garbage=zpNKIJnLIh
Line 772: 2025-11-17 07:58:17,532 [SRV-MACH-9921] WARN Credentials=*i$OW97hfdtJ garbage=VYfQ3oqsYNJ1r
Line 774: 2025-11-17 07:58:17,532 [ATM-M93-118] WARN decodePasswrd=kFeD$kn2W garbage=K9Y73rxqyE
Line 775: 2025-11-17 07:58:17,532 [ATM-M93-118] INFO account no=jsEd@wmDYJFFmK3 garbage=8cexItr
Line 779: 2025-11-17 07:58:17,532 [MACH-3341] WARN passwrd=BunG&F2ajmVV!l garbage=pnwu5AbecMHhAF
Line 783: 2025-11-17 07:58:17,533 [CORE-2281] TRACE Acc No=c8exoYSCHU9dw garbage=5LED0Kkc7b
Line 785: 2025-11-17 07:58:17,533 [SRV-MACH-9921] INFO decodeConfPasswrd=GVa7FhdR garbage=rTpO8JuPSsg4DU
Line 788: 2025-11-17 07:58:17,533 [ATM-M93-118] INFO account number=ub1GtXsj%sANtC garbage=QC5Iu6Eo
Line 790: 2025-11-17 07:58:17,533 [ATM-M93-118] WARN account number=57v@H287 garbage=ufUtodFVSSBC
Line 799: 2025-11-17 07:58:17,533 [BR-9912] ERROR credential=6BE&FZwyCpKeRb garbage=25H3V08EgUDHSD
Line 803: 2025-11-17 07:58:17,533 [ATM-M93-118] TRACE decodeNewPasswrd=uIv^t2BzIDf garbage=NKLVzvn1xzibN
Line 804: 2025-11-17 07:58:17,533 [ATM-M93-118] TRACE acc no=4ZIyN#Jv9K9!R0 garbage=ilcq2v
Line 808: 2025-11-17 07:58:17,533 [ATM-M93-118] ERROR account no=G4^rsbWw garbage=53GpeLwH
Line 824: 2025-11-17 07:58:17,533 [SRV-MACH-9921] INFO pwd=Y^cOeIyixWjmF garbage=GQwcGeAJHF5
Line 826: 2025-11-17 07:58:17,533 [BR-9912] DEBUG Account No=!6BRS*$gq garbage=Afqna
Line 829: 2025-11-17 07:58:17,533 [SRV-MACH-9921] DEBUG acc no=K6%fbO6eW@lseT* garbage=LcGz8Le8fqDpAa
Line 830: 2025-11-17 07:58:17,533 [CORE-2281] DEBUG decodeOldPasswrd=Nt@0kIG2P&VvWMM garbage=ZRnLbOdk
Line 836: 2025-11-17 07:58:17,533 [BR-9912] TRACE decodeOldPasswrd=XlJTqMzcTUwP&^Q garbage=BMA2RKbPu
Line 842: 2025-11-17 07:58:17,534 [CORE-2281] INFO Acc No=e^Hgf&q%Et garbage=iHM45b
Line 843: 2025-11-17 07:58:17,534 [BR-9912] ERROR decodeOldPasswrd=U%kHRJ5ceSTmAK garbage=mRGhIavFGAKiyr
Line 844: 2025-11-17 07:58:17,534 [ATM-M93-118] ERROR paswrd=k$Vm6F8WHE garbage=IUsbqT
Line 847: 2025-11-17 07:58:17,534 [ATM-M93-118] DEBUG paswrd=u&98VBOeeY garbage=uzTP5O7bBvzCrK5
Line 849: 2025-11-17 07:58:17,534 [ATM-M93-118] DEBUG Acc No=QIw4qtltw garbage=BkGSxI
Line 853: 2025-11-17 07:58:17,534 [BR-9912] DEBUG decodeNewPasswrd=zhfr!zVcan42 garbage=N7s1tSJr0aq
Line 854: 2025-11-17 07:58:17,534 [ATM-M93-118] TRACE pswd=GVOfh3i7t garbage=i5YGLpJ
Line 857: 2025-11-17 07:58:17,534 [ATM-M93-118] ERROR cred=#QbFFJnH^i garbage=8c0UkfwTtGUsPz
Line 862: 2025-11-17 07:58:17,534 [ATM-M93-118] ERROR Credential=s^im2Jlql garbage=6QLfmkUB
Line 867: 2025-11-17 07:58:17,534 [BR-9912] INFO pass=RNv^4qBHlLf7% garbage=6nTYgQCO1JPzxV3
Line 870: 2025-11-17 07:58:17,534 [ATM-M93-118] TRACE account number=8mrv0Dd8 garbage=pm5sViKZ
Line 876: 2025-11-17 07:58:17,534 [ATM-M93-118] ERROR account no=DMpesSfIF&2ae garbage=m1sRkcN5mJ
Line 878: 2025-11-17 07:58:17,534 [ATM-M93-118] DEBUG account no=N@YeoTis garbage=3BCcJ23MUl
Line 882: 2025-11-17 07:58:17,534 [SRV-MACH-9921] DEBUG decodeNewPasswrd=mS3UDlTdFyc5 garbage=uCRytCnytpr8
Line 894: 2025-11-17 07:58:17,535 [SRV-MACH-9921] DEBUG Cred=3$b9LuJfe garbage=aJHn5trOMcq
Line 896: 2025-11-17 07:58:17,535 [SRV-MACH-9921] DEBUG pass=FkRLBrRzFHm garbage=x8r9y3M
Line 897: 2025-11-17 07:58:17,535 [ATM-M93-118] INFO passwrd=dyY$xIzabT garbage=9vwNQC1f
Line 898: 2025-11-17 07:58:17,535 [ATM-M93-118] WARN acc no=OM%nIFzqL5Zze garbage=wxQdCZMaC9teI
Line 899: 2025-11-17 07:58:17,535 [CORE-2281] ERROR credential=L*MRpfOfK1tcqR garbage=VHpfMAsbO06
Line 905: 2025-11-17 07:58:17,535 [SRV-MACH-9921] INFO pswd=#woPV8O5z@Z garbage=9tEs0Dk4
Line 907: 2025-11-17 07:58:17,535 [ATM-M93-118] ERROR Account No=dY3zm5!41$sI4 garbage=p1CrJNbbO0
Line 908: 2025-11-17 07:58:17,535 [MACH-3341] ERROR Acc No=6cgSW0@fQx98 garbage=arwHRqbstrt9vs
Line 909: 2025-11-17 07:58:17,535 [CORE-2281] DEBUG pass=2O^5sDN0PkFY garbage=IKliHFNmO7
Line 915: 2025-11-17 07:58:17,535 [BR-9912] ERROR decodeConfPasswrd=SMnF4oEkZ!k% garbage=fctPreaS2Km8G
Line 922: 2025-11-17 07:58:17,535 [MACH-3341] WARN pswd=D!SFWZLwHlygt garbage=pEjR8sv
Line 927: 2025-11-17 07:58:17,535 [BR-9912] WARN decodePassword=!3rrBb7TbzR garbage=JSVScXkJ05Um1Vw
Line 928: 2025-11-17 07:58:17,535 [ATM-M93-118] INFO cred=2qA$Y17P garbage=l3Ycp
Line 941: 2025-11-17 07:58:17,535 [CORE-2281] DEBUG pswd=awi$K9QW!2ZlEW garbage=h6TV8OeTmbO
Line 942: 2025-11-17 07:58:17,535 [MACH-3341] WARN paswrd=VLt#brpfG garbage=Llqqw8
Line 944: 2025-11-17 07:58:17,535 [BR-9912] DEBUG account number=ZOgI*kEXRLwG garbage=53DYrZQK5
Line 947: 2025-11-17 07:58:17,535 [ATM-M93-118] INFO Credentials=dNSLc%WXX garbage=CCWSkgMNrtRIDCy
Line 951: 2025-11-17 07:58:17,535 [BR-9912] WARN Account No=rG6!fEoJccbW$% garbage=gBCOEkk
Line 955: 2025-11-17 07:58:17,535 [ATM-M93-118] INFO Credential=TkyL85g9v garbage=neuqhnDrq
Line 956: 2025-11-17 07:58:17,536 [CORE-2281] ERROR Cred=r$l@bOzkQOLy garbage=RRmDP
Line 958: 2025-11-17 07:58:17,536 [ATM-M93-118] DEBUG Credential=LasG7ENt garbage=EgBIvSsEvFtDKXF
Line 960: 2025-11-17 07:58:17,536 [SRV-MACH-9921] TRACE pwd=cyLinHbEfV$D garbage=onqtVoTlRw
Line 964: 2025-11-17 07:58:17,536 [MACH-3341] TRACE decodePassword=H9Z3IC*SdGt7veb garbage=cyIbdjH
Line 967: 2025-11-17 07:58:17,536 [SRV-MACH-9921] ERROR pwd=OygsDPbcyF^ayu garbage=krfOk
Line 968: 2025-11-17 07:58:17,536 [MACH-3341] WARN passwrd=A9U!B4Rmzm garbage=Fng43e6boXxKU
Line 969: 2025-11-17 07:58:17,536 [CORE-2281] INFO account number=UQ8B4JI3Y2 garbage=dR1fgFDPU
Line 972: 2025-11-17 07:58:17,536 [BR-9912] INFO decodePassword=FiRLfE5F#h garbage=7eZdetc47P
Line 974: 2025-11-17 07:58:17,536 [ATM-M93-118] DEBUG pswd=TOg5Be7gJ garbage=ODlzaK
Line 976: 2025-11-17 07:58:17,536 [ATM-M93-118] WARN account number=s4!Wkj&^ garbage=ql091vb
Line 982: 2025-11-17 07:58:17,536 [CORE-2281] TRACE decodeNewPasswrd=DqnjgPkkBL@PUg garbage=9yJUPvIB
Line 984: 2025-11-17 07:58:17,536 [CORE-2281] DEBUG Acc No=H$yp3%LhI garbage=sHdMKB3Tcm
Line 990: 2025-11-17 07:58:17,536 [BR-9912] ERROR Acc No=iwOQ4YDJgzebJ garbage=QalVkOQIGGT
Line 997: 2025-11-17 07:58:17,536 [MACH-3341] TRACE pwd=mqyk*$4mg garbage=gsUGeD3Dh4mkF
