Line 5: 2025-11-17 07:58:17,554 [MACH-3341] DEBUG entry=JspjpwdpqWobnQ ref=N4aoAa seq=98611
Line 6: 2025-11-17 07:58:17,554 [SRV-MACH-9921] INFO account no=I9oerpk6# garbage=oq2e3o
Line 7: 2025-11-17 07:58:17,554 [MACH-3341] WARN credential=hvzXu0%MEFD^ garbage=H8h8lAJYmFaa
Line 11: 2025-11-17 07:58:17,554 [SRV-MACH-9921] WARN decodeConfPasswrd=oPpVyd@$1uK&u garbage=jzxZtkZh0
Line 14: 2025-11-17 07:58:17,554 [CORE-2281] WARN Acc No=*8#v2ir^37 garbage=7znCsiNLuXUKs
Line 17: 2025-11-17 07:58:17,554 [CORE-2281] INFO decodeOldPasswrd=TFLe38Jo9P%j garbage=xdx9MgKD
Line 21: 2025-11-17 07:58:17,554 [ATM-M93-118] TRACE Cred=IP!Q62lWN0yo35 garbage=ixRKqt9U7964Tm
Line 35: 2025-11-17 07:58:17,554 [SRV-MACH-9921] WARN pass=Q4LaSqqURtmM43 garbage=tuVSzAwCX8Dq
Line 36: 2025-11-17 07:58:17,554 [ATM-M93-118] TRACE Acc No=lr1CPvUgsGv*P garbage=F7BO0
Line 37: 2025-11-17 07:58:17,554 [SRV-MACH-9921] INFO decodeOldPasswrd=hlzeCu$6 garbage=XTM2jWCdt4Q8H
Line 38: 2025-11-17 07:58:17,554 [ATM-M93-118] INFO pwd=7ThcE%#&w# garbage=67wWnpYdK4
Line 40: 2025-11-17 07:58:17,554 [ATM-M93-118] TRACE decodeConfPasswrd=Afdx!Qo!o garbage=cXcNlGVTUrSZZY
Line 42: 2025-11-17 07:58:17,554 [MACH-3341] INFO cred=sP&hqdXc garbage=QYiqUIbu362Rk7
Line 47: 2025-11-17 07:58:17,554 [BR-9912] WARN Cred=&ZbyZy@1NH^t7 garbage=RyCKEIt3Ulep
Line 48: 2025-11-17 07:58:17,554 [MACH-3341] TRACE Account No=mWE@JZDtLGdnM^ garbage=vGDoA8pUu
Line 50: 2025-11-17 07:58:17,554 [SRV-MACH-9921] TRACE paswrd=nzCSsC5*C garbage=lVxDfEr25
Line 60: 2025-11-17 07:58:17,555 [BR-9912] INFO account number=uX3iW9#T30O garbage=z90WfEOxE2e
Line 61: 2025-11-17 07:58:17,555 [CORE-2281] TRACE pass=WQQ5CV2ec0h garbage=U1MJZHbO
Line 63: 2025-11-17 07:58:17,555 [BR-9912] INFO decodeOldPasswrd=pxvM&pE7Q*E1b* garbage=hLjsJbPRewiD2
Line 64: 2025-11-17 07:58:17,555 [CORE-2281] TRACE pswd=xRbkEotzGD garbage=VMKAv
Line 79: 2025-11-17 07:58:17,555 [SRV-MACH-9921] ERROR passwrd=*wNh6VZWAaHn garbage=my4ADE
Line 80: 2025-11-17 07:58:17,555 [ATM-M93-118] ERROR decodePasswrd=^JGEkNOilHsaO garbage=mqFNkTnjfLDNN
Line 81: 2025-11-17 07:58:17,555 [ATM-M93-118] DEBUG paswrd=LUEw8Hi&V6J0ZN garbage=AYO4y7AuCxrZzwf
Line 82: 2025-11-17 07:58:17,555 [BR-9912] WARN pswd=vt999FePo&V garbage=djxEtVGSQl46t
Line 84: 2025-11-17 07:58:17,555 [BR-9912] INFO paswrd=Tk1dSVGP garbage=o665pI
Line 85: 2025-11-17 07:58:17,555 [SRV-MACH-9921] INFO cred=wdIwEKSrXH7B&Q garbage=AbwMsHm
Line 86: 2025-11-17 07:58:17,555 [BR-9912] INFO decodeOldPasswrd=la2mI00LBT garbage=0NFKvfNIerA09Uq
Line 87: 2025-11-17 07:58:17,555 [CORE-2281] DEBUG acc no=TON1bUpjx garbage=xuegfU4cDX
Line 91: 2025-11-17 07:58:17,555 [BR-9912] DEBUG credential=EnPSE$oUR^ garbage=PYNXB1iH0
Line 94: 2025-11-17 07:58:17,555 [BR-9912] DEBUG pwd=ZA9RbpgTWgpUW1 garbage=Vo3ANYV
Line 96: 2025-11-17 07:58:17,555 [BR-9912] TRACE Acc No=of@ou7HK6 garbage=9PVmX4IFfs
Line 98: 2025-11-17 07:58:17,555 [ATM-M93-118] WARN credential=3OgS9J9EFn garbage=4aDOCZecylTTTr5
Line 100: 2025-11-17 07:58:17,555 [BR-9912] TRACE Account No=XbmvNwB4wi1z7 garbage=FwMcbH
Line 101: 2025-11-17 07:58:17,556 [MACH-3341] ERROR pswd=e%gXyA!b6Y1!b garbage=QRBz9XPol
Line 104: 2025-11-17 07:58:17,556 [MACH-3341] INFO decodePasswrd=0K&InE*y%o1TzFa garbage=6sxI9RvZXI
Line 112: 2025-11-17 07:58:17,556 [MACH-3341] TRACE Acc No=0@aY6@0^EpH garbage=9Po7xee
Line 114: 2025-11-17 07:58:17,556 [MACH-3341] INFO Cred=aCfXgV#e garbage=mMk8Ua
Line 115: 2025-11-17 07:58:17,556 [BR-9912] DEBUG cred=jprgIKeUkK^5!oj garbage=mv6nIs2btdFRF
Line 125: 2025-11-17 07:58:17,556 [MACH-3341] INFO credential=uAuxgUge!yUu garbage=wa05h2Lx
Line 126: 2025-11-17 07:58:17,556 [CORE-2281] ERROR acc no=nOvc&kd# garbage=Eco8VFJg5HMxA
Line 127: 2025-11-17 07:58:17,556 [MACH-3341] TRACE Acc No=RK01f4Aku@Pty garbage=1xi0rAUDNYuPF
Line 129: 2025-11-17 07:58:17,556 [CORE-2281] INFO paswrd=Ax!^#xFQA garbage=dSAT8FN
Line 131: 2025-11-17 07:58:17,556 [ATM-M93-118] TRACE account no=p5m7jyOi*phFY garbage=Kle56CvMG3h
Line 133: 2025-11-17 07:58:17,556 [MACH-3341] TRACE decodeOldPasswrd=pmxCokQHV4LCEx garbage=KH6EU0YodGEudv
Line 134: 2025-11-17 07:58:17,556 [CORE-2281] WARN passwrd=KX528*S^IE garbage=D2kbA2orbs8ePx
Line 135: 2025-11-17 07:58:17,556 [ATM-M93-118] ERROR decodeNewPasswrd=rMhsrWZJAt garbage=DUuh2cphesquBU
Line 136: 2025-11-17 07:58:17,556 [BR-9912] WARN credential=fcnqSp5ocvzFHQd garbage=sWAi02teJesf5s
Line 138: 2025-11-17 07:58:17,556 [CORE-2281] INFO Account No=Gjfk0tHXXXjT garbage=ZrB2qml6l6UY6N
Line 143: 2025-11-17 07:58:17,556 [CORE-2281] WARN account number=M8ly8P0qYTf garbage=7MNsOPn
Line 144: 2025-11-17 07:58:17,556 [SRV-MACH-9921] ERROR account no=1X0nUTuclmS1 garbage=hX0xnBt4
Line 149: 2025-11-17 07:58:17,556 [MACH-3341] INFO passwrd=vHjnvCPe76&DqFk garbage=8FTe1cAEtkFzoGU
Line 157: 2025-11-17 07:58:17,556 [MACH-3341] TRACE paswrd=36kOjkKzc garbage=VJ7mXL6
Line 160: 2025-11-17 07:58:17,556 [SRV-MACH-9921] TRACE decodeNewPasswrd=WrK8OHQp garbage=Su7CHTvr
Line 180: 2025-11-17 07:58:17,557 [SRV-MACH-9921] DEBUG Credentials=ukYmKGo@rt garbage=O61p5Mt
Line 192: 2025-11-17 07:58:17,557 [MACH-3341] DEBUG decodeOldPasswrd=gp#Cq04q9K garbage=SjRt3yzlFJNk
Line 193: 2025-11-17 07:58:17,557 [MACH-3341] INFO Cred=O3IQJVE9zl garbage=i6rmMIh7O6
Line 195: 2025-11-17 07:58:17,557 [ATM-M93-118] DEBUG account number=IqJ2N#Dl&1b garbage=HjRuXdrtE
Line 197: 2025-11-17 07:58:17,557 [CORE-2281] ERROR decodePassword=QXIPTufZ8WW8ae% garbage=bP4esrk78Pa
Line 200: 2025-11-17 07:58:17,557 [CORE-2281] DEBUG decodeNewPasswrd=LKVAiGzDE garbage=2bsSszvevsw5
Line 203: 2025-11-17 07:58:17,557 [SRV-MACH-9921] ERROR decodePasswrd=e22yIOb9OV garbage=4EVbMXY
Line 214: 2025-11-17 07:58:17,557 [CORE-2281] INFO pwd=g6#j$@u566EzN garbage=t8yfZ
Line 225: 2025-11-17 07:58:17,558 [CORE-2281] DEBUG Acc No=5ZMtNokUj$vlg garbage=ILh8sqtQuO7Ic8
Line 233: 2025-11-17 07:58:17,558 [SRV-MACH-9921] TRACE passwrd=nko*C@n1h!3QOM garbage=ciWWQgEtV
Line 234: 2025-11-17 07:58:17,558 [ATM-M93-118] WARN passwrd=dAZe&HoHHayw9qL garbage=VmbLW8
Line 236: 2025-11-17 07:58:17,558 [ATM-M93-118] TRACE pass=ejHr4hsUjB#LTU garbage=E6BsczX
Line 237: 2025-11-17 07:58:17,558 [BR-9912] WARN Account No=22$1qQ%H garbage=5SYsI7O6LB8dH
Line 239: 2025-11-17 07:58:17,558 [MACH-3341] INFO account number=7pn%QI1hS%KdbV garbage=R4hsJiOQW
Line 240: 2025-11-17 07:58:17,558 [ATM-M93-118] TRACE paswrd=j4zIlv*lkQhWP garbage=23IrRmQ8ZZBnq
Line 244: 2025-11-17 07:58:17,558 [ATM-M93-118] INFO Acc No=MUpb4@IZ6$p0AvE garbage=nPrx5xJ
Line 249: 2025-11-17 07:58:17,558 [SRV-MACH-9921] WARN decodeConfPasswrd=3R9axgs*!^3 garbage=4raeNf6R
Line 250: 2025-11-17 07:58:17,558 [BR-9912] DEBUG passwrd=o2$x6AuaAr$BBl garbage=eDkIzGHlCy
Line 251: 2025-11-17 07:58:17,558 [SRV-MACH-9921] DEBUG pass=jfNijdbNcn!5I garbage=aAb6pAl9P3JA
Line 252: 2025-11-17 07:58:17,558 [SRV-MACH-9921] INFO credential=qQ&Gf&XCb5k garbage=NSYgNL
Line 253: 2025-11-17 07:58:17,558 [ATM-M93-118] WARN account no=OillV$0x*QKl garbage=kGKEbI
Line 257: 2025-11-17 07:58:17,558 [MACH-3341] TRACE Acc No=NjPbwCsGf garbage=tVAVXdL
Line 260: 2025-11-17 07:58:17,558 [CORE-2281] DEBUG cred=XTi7LEse garbage=N113xfrhYah
Line 264: 2025-11-17 07:58:17,558 [ATM-M93-118] ERROR paswrd=$so5O7wU garbage=tF0xaZWYv8wEhlD
Line 268: 2025-11-17 07:58:17,558 [ATM-M93-118] TRACE pswd=AbVKmm^81$ garbage=6YSqwP
Line 269: 2025-11-17 07:58:17,558 [CORE-2281] TRACE acc no=NUmRouTXcL6&n4D garbage=vUKYdyOYTDrpQr
Line 271: 2025-11-17 07:58:17,558 [CORE-2281] INFO Cred=V3R%wrUTBh$BB garbage=ag4GGBy5
Line 273: 2025-11-17 07:58:17,558 [MACH-3341] TRACE account no=CAz#KszdIx4uO garbage=DdY0w
Line 277: 2025-11-17 07:58:17,558 [CORE-2281] INFO Acc No=OPmoEiZ9Ohs garbage=MYCUya
Line 279: 2025-11-17 07:58:17,558 [CORE-2281] DEBUG pswd=OSuvAMm0eZvNr2 garbage=bBtZ2HQ793K16
Line 287: 2025-11-17 07:58:17,558 [CORE-2281] DEBUG pswd=SpfPzd$X5zIB& garbage=JfDia4
Line 288: 2025-11-17 07:58:17,558 [SRV-MACH-9921] INFO paswrd=h^Cb3dvuGwm0%X% garbage=KwrgQkoyUb
Line 293: 2025-11-17 07:58:17,559 [BR-9912] ERROR Cred=jjFB@cg@!yA garbage=iwBi4uTo4ALKv
Line 294: 2025-11-17 07:58:17,559 [CORE-2281] WARN decodePassword=edFM13jZ garbage=1Rc05s
Line 295: 2025-11-17 07:58:17,559 [MACH-3341] WARN Account No=^Xbs8JsfBxS8K!l garbage=L4R5Nkev
Line 305: 2025-11-17 07:58:17,559 [CORE-2281] DEBUG decodeOldPasswrd=8Cq7vl^i garbage=Zmci1XMjS
Line 309: 2025-11-17 07:58:17,559 [BR-9912] INFO decodeConfPasswrd=N^3$CoV&*ycvkVL garbage=gOL7CS6gidix5U
Line 317: 2025-11-17 07:58:17,559 [ATM-M93-118] ERROR Credential=9hCE4*BlgL%Ozsb garbage=Rf1GwNFwrLf0Jo
Line 322: 2025-11-17 07:58:17,559 [SRV-MACH-9921] DEBUG decodeOldPasswrd=W#1oNVaQ*8!S0XM garbage=AtOyTzF6xcXgdc4
Line 324: 2025-11-17 07:58:17,559 [BR-9912] DEBUG Account No=zuVBS9yoBrn garbage=vxBjESsv22
Line 325: 2025-11-17 07:58:17,559 [ATM-M93-118] ERROR Acc No=Np3WLBI&5ZeC garbage=TxnyezlY4
Line 326: 2025-11-17 07:58:17,559 [CORE-2281] INFO paswrd=IkhR%p!^hH garbage=agVC8RKZl
Line 327: 2025-11-17 07:58:17,559 [ATM-M93-118] DEBUG decodePassword=Aq6szO&DhkByWYq garbage=9TGuXePbP1SwFoI
Line 330: 2025-11-17 07:58:17,559 [ATM-M93-118] INFO pass=6s0hF*3NXyc4U garbage=yygOAsc
Line 335: 2025-11-17 07:58:17,559 [MACH-3341] DEBUG passwrd=cc%eXHJB garbage=DfJWyOcZJQVFc
Line 337: 2025-11-17 07:58:17,559 [CORE-2281] ERROR decodeNewPasswrd=oJ$h$qkdJVHBjfP garbage=2ICXV
Line 340: 2025-11-17 07:58:17,559 [SRV-MACH-9921] WARN decodePassword=rIc6opvM&6Y garbage=9kKFYo5TW
Line 341: 2025-11-17 07:58:17,559 [BR-9912] DEBUG cred=UFKvnhhce^ev garbage=Z9MDi
Line 345: 2025-11-17 07:58:17,560 [CORE-2281] ERROR cred=AnP3uy^l garbage=52CMyAcNT
Line 346: 2025-11-17 07:58:17,560 [BR-9912] WARN machine=KpWDL ref=TwcRl seq=71174
Line 350: 2025-11-17 07:58:17,560 [CORE-2281] TRACE Credentials=y7GiHIFKVo garbage=Bwzxh
Line 355: 2025-11-17 07:58:17,560 [BR-9912] WARN decodeNewPasswrd=RwBnqkEE5o garbage=WETblu9Y8
Line 362: 2025-11-17 07:58:17,560 [MACH-3341] TRACE Credential=pBBO#wbwPAAnHS garbage=HLoJURLssbZM
Line 364: 2025-11-17 07:58:17,560 [MACH-3341] INFO decodeConfPasswrd=1u*yaZ2Im garbage=SwAEOIzqT5EnF
Line 369: 2025-11-17 07:58:17,560 [ATM-M93-118] WARN passwrd=0TMoJztrIMn8Q^x garbage=7feZzlKh8zQkZ5
Line 374: 2025-11-17 07:58:17,560 [SRV-MACH-9921] DEBUG passwrd=A20uoba& garbage=Bb5UEN4jv6Ku
Line 376: 2025-11-17 07:58:17,560 [SRV-MACH-9921] WARN pswd=Q#!VfS$9iG0 garbage=2C2W2gs
Line 378: 2025-11-17 07:58:17,560 [BR-9912] DEBUG decodeConfPasswrd=2AAmYnpyG garbage=ttNRtX
Line 383: 2025-11-17 07:58:17,560 [ATM-M93-118] WARN account no=opSe#lzqP garbage=Jqx8Jb5Py
Line 386: 2025-11-17 07:58:17,560 [MACH-3341] TRACE decodeNewPasswrd=FJnghqyOp garbage=y4Xkw4Gu4b
Line 389: 2025-11-17 07:58:17,560 [MACH-3341] INFO Account No=pv$S8BcrUw^zMP garbage=4M5TlrDhuRlbK
Line 390: 2025-11-17 07:58:17,560 [BR-9912] TRACE credential=tqfUI%BYv garbage=xEXn3NNmGa
Line 393: 2025-11-17 07:58:17,561 [MACH-3341] DEBUG credential=4J8i9gf!FH44iI garbage=QzW8n0ugWUia6G
Line 396: 2025-11-17 07:58:17,561 [BR-9912] WARN Acc No=dLMTC6^ZMnkAH garbage=LQc7gQfc1SjKh
Line 400: 2025-11-17 07:58:17,561 [ATM-M93-118] TRACE credential=dULTTCSq5^^iK garbage=PXNQe35B9lY
Line 402: 2025-11-17 07:58:17,561 [ATM-M93-118] INFO account number=5NqaF!cU garbage=MTdWJFLkng
Line 404: 2025-11-17 07:58:17,561 [MACH-3341] WARN Acc No=PsN$1Zx^Vy garbage=ovggFm
Line 405: 2025-11-17 07:58:17,561 [BR-9912] ERROR passwrd=xTtvg#gERsovQxP garbage=PyXy70qKoj7MR
Line 411: 2025-11-17 07:58:17,561 [CORE-2281] DEBUG cred=NsXidmPNkC garbage=xPI4fGjp
Line 414: 2025-11-17 07:58:17,561 [SRV-MACH-9921] WARN decodeConfPasswrd=Wmf%oDy1efXT& garbage=vUr7o
Line 415: 2025-11-17 07:58:17,561 [BR-9912] INFO acc no=Yj9Acmmrn42ZhnW garbage=BLkifCY
Line 416: 2025-11-17 07:58:17,561 [CORE-2281] ERROR paswrd=EctzDqrazk#R!&Y garbage=FOde5z
Line 421: 2025-11-17 07:58:17,561 [SRV-MACH-9921] WARN credential=vx!2uNbBE** garbage=AjZSkEtgi6Jc
Line 423: 2025-11-17 07:58:17,561 [BR-9912] TRACE Account No=5WIhdLEFsxIVFhb garbage=26E8AlwA4RFRptn
Line 424: 2025-11-17 07:58:17,561 [SRV-MACH-9921] DEBUG Acc No=irE3ng%sp* garbage=79lZmR
Line 425: 2025-11-17 07:58:17,561 [ATM-M93-118] TRACE acc no=#wt%vB&5 garbage=dH5OGkElf
Line 426: 2025-11-17 07:58:17,561 [ATM-M93-118] INFO decodeOldPasswrd=JmpLx0%u0O garbage=2xdArQ8EkpGL
Line 428: 2025-11-17 07:58:17,561 [SRV-MACH-9921] WARN acc no=vFcHaGN9JzrWSiN garbage=QC7zpv
Line 429: 2025-11-17 07:58:17,561 [SRV-MACH-9921] INFO acc no=!Qq$oWjM garbage=jgxXEy9ZUMoxp
Line 434: 2025-11-17 07:58:17,561 [MACH-3341] DEBUG pwd=rRItkVZAs garbage=kZi3Xs
Line 439: 2025-11-17 07:58:17,562 [ATM-M93-118] TRACE Acc No=uL6z93ISf6USqfg garbage=zEIdehOVjKAaEFt
Line 441: 2025-11-17 07:58:17,562 [MACH-3341] DEBUG decodeOldPasswrd=LrfRr42HFw garbage=eNju9tg3HWde7
Line 445: 2025-11-17 07:58:17,562 [CORE-2281] INFO cred=Za2cluUMIZ garbage=dAQLZAm1GwBPo
Line 452: 2025-11-17 07:58:17,562 [BR-9912] DEBUG decodePassword=aKjESdU0uwC garbage=hM89ZBpSd
Line 453: 2025-11-17 07:58:17,562 [SRV-MACH-9921] WARN paswrd=!f8PAeu4 garbage=0gu0hMkngq5987
Line 464: 2025-11-17 07:58:17,562 [MACH-3341] TRACE Account No=xaUpgZB$y4w garbage=EMGxUuX3h2vV3P
Line 465: 2025-11-17 07:58:17,562 [BR-9912] WARN pwd=*kQ96nFJt#CnV garbage=FfN5Hv1
Line 468: 2025-11-17 07:58:17,562 [BR-9912] INFO decodePassword=4%@Ei&3c$E$OFU garbage=1XlXpnkArO3VINV
Line 470: 2025-11-17 07:58:17,562 [BR-9912] ERROR pswd=q!X3@%hZaBei garbage=ZHlfdRl1
Line 472: 2025-11-17 07:58:17,562 [MACH-3341] TRACE acc no=KRrhD$^AKK garbage=sudB7
Line 486: 2025-11-17 07:58:17,562 [ATM-M93-118] INFO cred=tSyXLW#6 garbage=P4SJbWLKOjoubo
Line 491: 2025-11-17 07:58:17,562 [SRV-MACH-9921] DEBUG decodeOldPasswrd=@9W5h2KOPFi garbage=gWBXTQkrXHkU5L
Line 494: 2025-11-17 07:58:17,562 [ATM-M93-118] DEBUG decodeOldPasswrd=l&3IVcwmgURdO garbage=MjfQvBZvnk
Line 497: 2025-11-17 07:58:17,562 [BR-9912] DEBUG Acc No=JGaMFvUZ*CX garbage=ZiBZlo
Line 500: 2025-11-17 07:58:17,563 [ATM-M93-118] WARN decodeConfPasswrd=%^^R#x%zel6I garbage=x7DF1efJJKKehhY
Line 512: 2025-11-17 07:58:17,563 [BR-9912] ERROR ref=SaoIEo7AO2XpWDM ref=oLWXEjuSxfYdxI seq=42964
Line 513: 2025-11-17 07:58:17,563 [SRV-MACH-9921] WARN passwrd=G!cT8^Og02eC! garbage=I7NL5wyy
Line 515: 2025-11-17 07:58:17,563 [SRV-MACH-9921] WARN paswrd=YWBpmuM*6vFZF garbage=NoYrIYhBPe
Line 520: 2025-11-17 07:58:17,563 [SRV-MACH-9921] TRACE credential=aJK21hEiJQR garbage=77f08
Line 526: 2025-11-17 07:58:17,563 [CORE-2281] WARN passwrd=V0rEm7Dt6aX^l garbage=DpEERV
Line 532: 2025-11-17 07:58:17,563 [SRV-MACH-9921] TRACE decodeNewPasswrd=!8lVHvW%r@vlr9 garbage=eYzMR
Line 538: 2025-11-17 07:58:17,563 [SRV-MACH-9921] TRACE Credentials=cmSYd^u& garbage=aJZ5M7e
Line 542: 2025-11-17 07:58:17,563 [SRV-MACH-9921] ERROR Acc No=ELPTit2ni!&CgL* garbage=HM4Jbv
Line 547: 2025-11-17 07:58:17,563 [CORE-2281] DEBUG acc no=O#RvQfNd garbage=YtD2j
Line 549: 2025-11-17 07:58:17,563 [MACH-3341] INFO pwd=YJXEVg!%xhsFOMQ garbage=E8CLIHPJLAdkb
Line 550: 2025-11-17 07:58:17,563 [CORE-2281] DEBUG pswd=E*ie7Tl66yDgE0 garbage=ptG5LYKivv3
Line 554: 2025-11-17 07:58:17,563 [CORE-2281] DEBUG pass=KYEp^cV8V garbage=f5UOQ
Line 555: 2025-11-17 07:58:17,563 [SRV-MACH-9921] INFO account no=WflqycYyU garbage=yfoVXLTqfE6b
Line 556: 2025-11-17 07:58:17,563 [SRV-MACH-9921] ERROR decodeConfPasswrd=1IC9u!rtXIPT garbage=2CdNpyI9xj2cEO
Line 557: 2025-11-17 07:58:17,563 [MACH-3341] TRACE account no=e$P4j7u1Su garbage=3UgLoNc
Line 558: 2025-11-17 07:58:17,563 [CORE-2281] WARN pwd=y%bUHJjs garbage=27Uu0wUxskPJV
Line 562: 2025-11-17 07:58:17,563 [CORE-2281] WARN Acc No=ltQACvrr%iXI garbage=vunOJ06
Line 563: 2025-11-17 07:58:17,563 [SRV-MACH-9921] WARN cred=tIDffVv5 garbage=t8G6H7
Line 571: 2025-11-17 07:58:17,564 [MACH-3341] TRACE cred=v5qdE9hu$lT garbage=C6jN9F7
Line 579: 2025-11-17 07:58:17,564 [ATM-M93-118] DEBUG acc no=0Va@O@zHQN garbage=q5ahGD
Line 581: 2025-11-17 07:58:17,564 [SRV-MACH-9921] DEBUG decodeNewPasswrd=e8AlgFPNs garbage=7AyvOKxD
Line 588: 2025-11-17 07:58:17,564 [BR-9912] WARN Account No=0xMISPq8%y^2 garbage=HKBIfifnu
Line 593: 2025-11-17 07:58:17,564 [CORE-2281] WARN passwrd=%FwmaGBao& garbage=InMKP9nq3eMdV
Line 594: 2025-11-17 07:58:17,564 [MACH-3341] ERROR paswrd=9!euzuc$GgZh garbage=CIcQKwJHv
Line 595: 2025-11-17 07:58:17,564 [CORE-2281] WARN decodePasswrd=Y!jN%&mVJ!*Vc0x garbage=zb85oOPr
Line 597: 2025-11-17 07:58:17,564 [CORE-2281] TRACE decodeOldPasswrd=ceXFM65^e4A3 garbage=np1HQKNvH
Line 601: 2025-11-17 07:58:17,564 [SRV-MACH-9921] INFO passwrd=oVBV6A0DUUFCs!b garbage=vk8Krt6
Line 603: 2025-11-17 07:58:17,564 [CORE-2281] ERROR pswd=jb6k3&aP%ED3b garbage=Wgoi1obfqD
Line 606: 2025-11-17 07:58:17,564 [BR-9912] INFO credential=84rRBJF#RQx4X garbage=BRIclgW
Line 630: 2025-11-17 07:58:17,565 [SRV-MACH-9921] INFO decodeNewPasswrd=bPlbV&Tg garbage=iCsAofW7
Line 638: 2025-11-17 07:58:17,565 [BR-9912] TRACE Credentials=z#kder9DEtQWFS^ garbage=bTUNLsWJZ
Line 645: 2025-11-17 07:58:17,565 [SRV-MACH-9921] INFO decodeConfPasswrd=WbKz7@XgtAkI garbage=bfVmhqW
Line 650: 2025-11-17 07:58:17,565 [ATM-M93-118] TRACE decodeConfPasswrd=bHT%0bpt$ garbage=0GjQ4qKC0
Line 652: 2025-11-17 07:58:17,565 [CORE-2281] DEBUG decodeConfPasswrd=l@StDKQeD3ur garbage=QycSn
Line 660: 2025-11-17 07:58:17,565 [CORE-2281] ERROR Credentials=BW&rin9RmkLjTWQ garbage=9JhipTPltw
Line 661: 2025-11-17 07:58:17,565 [ATM-M93-118] TRACE pwd=6ERsuXRa garbage=xXLU2rooF542WjA
Line 663: 2025-11-17 07:58:17,565 [CORE-2281] DEBUG Account No=t7wRp&84f garbage=TC0R2e7h
Line 666: 2025-11-17 07:58:17,565 [CORE-2281] DEBUG decodeOldPasswrd=EyFZ#OKWoUq@x garbage=yvFUKx
Line 674: 2025-11-17 07:58:17,565 [SRV-MACH-9921] TRACE acc no=U2scI@HEdIJ&^ garbage=aFabDXBO
Line 678: 2025-11-17 07:58:17,565 [SRV-MACH-9921] DEBUG account number=CqM^KhHk garbage=CNwiY
Line 679: 2025-11-17 07:58:17,565 [CORE-2281] DEBUG pass=DaeMfYXXt garbage=gjTTQWSuuC2k
Line 681: 2025-11-17 07:58:17,565 [ATM-M93-118] DEBUG paswrd=0BCn$0Ud garbage=G4EtAO
Line 684: 2025-11-17 07:58:17,565 [BR-9912] DEBUG account number=ntzeOrbnm5*1NRP garbage=4FER8pjM
Line 685: 2025-11-17 07:58:17,565 [CORE-2281] INFO decodeNewPasswrd=h$JuZZMA^ garbage=Jrls91NffOgV
Line 687: 2025-11-17 07:58:17,566 [CORE-2281] WARN decodePassword=ttB0iRayeEF4z& garbage=VpTeVELM
Line 689: 2025-11-17 07:58:17,566 [SRV-MACH-9921] ERROR Credentials=9igpwisi garbage=CdMuHNNWu
Line 690: 2025-11-17 07:58:17,566 [SRV-MACH-9921] ERROR Cred=fFuNWBs8l6 garbage=f4pT8XPSG82
Line 692: 2025-11-17 07:58:17,566 [SRV-MACH-9921] DEBUG pwd=7G$U9tfBgG garbage=PMiUYEAh0cxp
Line 696: 2025-11-17 07:58:17,566 [SRV-MACH-9921] TRACE pwd=u3pTxYIamed garbage=0KIyEhsp45xa
Line 700: 2025-11-17 07:58:17,566 [BR-9912] DEBUG Account No=jzA9yHhG garbage=puaxISRKDHo52
Line 704: 2025-11-17 07:58:17,566 [ATM-M93-118] INFO acc no=*6Fo8LeTqv# garbage=SROn9QoJz
Line 707: 2025-11-17 07:58:17,566 [MACH-3341] DEBUG paswrd=B44PXr9UlZ garbage=XU5ql7ks
Line 714: 2025-11-17 07:58:17,566 [BR-9912] TRACE passwrd=xSfEtSu%C#B6 garbage=r2h2bA3HS4Ro
Line 715: 2025-11-17 07:58:17,566 [ATM-M93-118] INFO Credentials=ARHrK!D3t garbage=xYpl0HS0
Line 720: 2025-11-17 07:58:17,566 [ATM-M93-118] DEBUG decodePasswrd=RbBpEda#2y garbage=V5zkhRLlg7
Line 727: 2025-11-17 07:58:17,566 [SRV-MACH-9921] TRACE Account No=Wa0EKer^rKTYaR garbage=JE7v8pJoJM8nbJ
Line 729: 2025-11-17 07:58:17,566 [CORE-2281] TRACE credential=w%qe7uyZ garbage=NsjFq1pxlooXgm
Line 733: 2025-11-17 07:58:17,566 [SRV-MACH-9921] DEBUG paswrd=^nmS6yVT garbage=AL3q7us2Y7R8yml
Line 736: 2025-11-17 07:58:17,566 [SRV-MACH-9921] DEBUG decodeOldPasswrd=IMI$Endl*!2 garbage=piT71wwMfNs8h2o
Line 740: 2025-11-17 07:58:17,566 [ATM-M93-118] INFO passwrd=a$QRVzLtxExf0 garbage=oQ6GcmjYhm
Line 747: 2025-11-17 07:58:17,566 [CORE-2281] TRACE decodePassword=1005boEHJd3CtI garbage=mafgR
Line 750: 2025-11-17 07:58:17,567 [SRV-MACH-9921] WARN Credential=I#9C6CQW garbage=lMXk17Urvj1ZJ
Line 754: 2025-11-17 07:58:17,567 [ATM-M93-118] ERROR pwd=KMTLIzIErpp garbage=bUMUTjrJaDyxd8T
Line 756: 2025-11-17 07:58:17,567 [ATM-M93-118] DEBUG acc no=5rqa^phiNBgIeB5 garbage=kJGPrEBgPPhuZ6T
Line 757: 2025-11-17 07:58:17,567 [ATM-M93-118] DEBUG decodeConfPasswrd=wGaDqLFCoEkwC3 garbage=wtf2gpbr
Line 758: 2025-11-17 07:58:17,567 [SRV-MACH-9921] TRACE pwd=i0okk6WK garbage=qDMd8wEg0x
Line 760: 2025-11-17 07:58:17,567 [MACH-3341] ERROR passwrd=CEQaW^WdF%cbl2D garbage=IOfB6iok2G
Line 763: 2025-11-17 07:58:17,567 [ATM-M93-118] ERROR decodePassword=IayXEZ8cuSR%C garbage=BZT4CrqJ
Line 768: 2025-11-17 07:58:17,567 [ATM-M93-118] DEBUG paswrd=dY!fwvJiL^G&mgf garbage=C2XhH
Line 769: 2025-11-17 07:58:17,567 [CORE-2281] INFO Credentials=W&4E^O$ip99aGrf garbage=y2vZDLn7ArqYp
Line 771: 2025-11-17 07:58:17,567 [MACH-3341] ERROR Cred=L&P9uvBE6aw0lI garbage=wTA0WALKd
Line 778: 2025-11-17 07:58:17,567 [SRV-MACH-9921] ERROR paswrd=Nr#j7SKSsTI^k garbage=GrwsYpUh
Line 779: 2025-11-17 07:58:17,567 [BR-9912] INFO passwrd=iRI7YquTmjiKe garbage=lYbf53aYX4HYArC
Line 780: 2025-11-17 07:58:17,567 [CORE-2281] TRACE pwd=BTiM5wK$75 garbage=6QT9wk2
Line 782: 2025-11-17 07:58:17,567 [CORE-2281] INFO decodePasswrd=P$b6P9fUtourKuh garbage=8MlHlhoHIHnIH
Line 783: 2025-11-17 07:58:17,567 [ATM-M93-118] TRACE account number=5piq795JL2 garbage=nVJkuVPaOd6PAEx
Line 788: 2025-11-17 07:58:17,567 [BR-9912] INFO pwd=#LvHeOb4 garbage=ykvfCVFmVn42
Line 789: 2025-11-17 07:58:17,567 [ATM-M93-118] WARN decodePasswrd=hg5%1$GXD@$ garbage=mQs3VN6ZZi54wwd
Line 798: 2025-11-17 07:58:17,567 [ATM-M93-118] DEBUG decodeNewPasswrd=k6Yba9IsIqX garbage=QrTLg0
Line 800: 2025-11-17 07:58:17,567 [CORE-2281] TRACE decodeOldPasswrd=fH#a@pJkbIK garbage=0VWkrdf
Line 801: 2025-11-17 07:58:17,567 [BR-9912] DEBUG Credentials=lGL&0KpNp garbage=pseZzJ3bzGcAFCK
Line 805: 2025-11-17 07:58:17,567 [MACH-3341] TRACE acc no=pGxscTERO$F garbage=8pDUeo
Line 813: 2025-11-17 07:58:17,568 [CORE-2281] TRACE decodeOldPasswrd=8nIsPy$A garbage=TU5XZU
Line 816: 2025-11-17 07:58:17,568 [ATM-M93-118] INFO Account No=yeLGVUpe$$cDZy garbage=ByWFAj1KrkFEHDR
Line 817: 2025-11-17 07:58:17,568 [SRV-MACH-9921] WARN Account No=hO*FexAFZCbggZ7 garbage=6S24UvIm1i9
Line 819: 2025-11-17 07:58:17,568 [BR-9912] INFO decodeConfPasswrd=tve6vS^rdveqRE garbage=fD23RCwAaNH
Line 820: 2025-11-17 07:58:17,568 [MACH-3341] WARN decodeConfPasswrd=Rv*fY8NA4^ garbage=ILPyFzJG7P3o7
Line 821: 2025-11-17 07:58:17,568 [SRV-MACH-9921] DEBUG pass=M%r%rGOKzn garbage=dw8AWyEkP
Line 833: 2025-11-17 07:58:17,568 [MACH-3341] INFO Account No=QOm5dX53r7E0 garbage=O2kBwBg6
Line 835: 2025-11-17 07:58:17,568 [ATM-M93-118] INFO decodeNewPasswrd=joje&EP^9vmwr garbage=GeZU54wj
Line 836: 2025-11-17 07:58:17,568 [MACH-3341] DEBUG decodeConfPasswrd=r$RFWqS% garbage=8UTOE9oO
Line 839: 2025-11-17 07:58:17,568 [BR-9912] WARN passwrd=h#O*&M4um9C$G9 garbage=7vI7w
Line 842: 2025-11-17 07:58:17,568 [MACH-3341] DEBUG credential=LM9MWkSUy&oKP garbage=WbEATa
Line 858: 2025-11-17 07:58:17,568 [SRV-MACH-9921] WARN Credentials=tUAT#3LDyX garbage=ldHxwnTGnzRljYN
Line 867: 2025-11-17 07:58:17,568 [BR-9912] ERROR decodePasswrd=AZw#0Op7jW garbage=pdEqlDZYyIY
Line 870: 2025-11-17 07:58:17,568 [BR-9912] TRACE passwrd=mG&t0UxC garbage=lcpymEW
Line 877: 2025-11-17 07:58:17,569 [BR-9912] WARN account no=giUsoTWh garbage=ANOmHtIW
Line 880: 2025-11-17 07:58:17,569 [CORE-2281] ERROR Credentials=gaM!z&*bv!76Sg garbage=Yz0vDWt
Line 881: 2025-11-17 07:58:17,569 [SRV-MACH-9921] INFO paswrd=e!!ZB1Z$uAPpS garbage=cnlPPWn8
Line 885: 2025-11-17 07:58:17,569 [MACH-3341] DEBUG decodePasswrd=4uDN4BpW garbage=iQfp7lb
Line 888: 2025-11-17 07:58:17,569 [CORE-2281] TRACE pwd=RX0J9mACbm garbage=LvxZCeqceCJCvG
Line 890: 2025-11-17 07:58:17,569 [SRV-MACH-9921] WARN Acc No=3tEOMVXsOAqWPs garbage=GwqrWec69k
Line 893: 2025-11-17 07:58:17,569 [SRV-MACH-9921] DEBUG decodeOldPasswrd=2B7I0DC*U^ garbage=5pdFp9S4Z
Line 896: 2025-11-17 07:58:17,569 [CORE-2281] TRACE decodeNewPasswrd=DDsm@*^!jq2W garbage=KBOXJ
Line 897: 2025-11-17 07:58:17,569 [BR-9912] INFO decodePassword=fRMJI19NId garbage=rUjy0QJAk9f
Line 898: 2025-11-17 07:58:17,569 [ATM-M93-118] DEBUG cred=A3T4$kXsS6qHWH garbage=qV4louDc
Line 900: 2025-11-17 07:58:17,569 [CORE-2281] WARN pwd=7#lWOtYPwNxH garbage=666fYCsdTsT1PH8
Line 902: 2025-11-17 07:58:17,569 [BR-9912] WARN paswrd=mVd90R8GAgC garbage=w8j9LI
Line 903: 2025-11-17 07:58:17,569 [SRV-MACH-9921] INFO Account No=OVxKgaeZe^pM8Y2 garbage=sZmNwCzy2P
Line 904: 2025-11-17 07:58:17,569 [SRV-MACH-9921] DEBUG Cred=EH#iajzk^w garbage=XDGdWRjNglsO
Line 906: 2025-11-17 07:58:17,569 [BR-9912] ERROR account no=uJlmj1^XRc%Sy garbage=SPEYNR4boD2WVy
Line 910: 2025-11-17 07:58:17,569 [MACH-3341] ERROR decodeConfPasswrd=&MphEVACux^^k garbage=QcKsjG
Line 915: 2025-11-17 07:58:17,569 [MACH-3341] WARN passwrd=3JnDu#aM0W garbage=CKcdwErs
Line 920: 2025-11-17 07:58:17,569 [BR-9912] WARN Credentials=3xS0frauGk60oc garbage=IL4VZhmz
Line 922: 2025-11-17 07:58:17,569 [ATM-M93-118] ERROR Account No=pQX4VDmFHR^Ex garbage=aQM2TofIyFAW5
Line 923: 2025-11-17 07:58:17,569 [ATM-M93-118] DEBUG decodeNewPasswrd=ddK@I!4guUE garbage=RuGgOk7PCfDHDg
Line 931: 2025-11-17 07:58:17,570 [ATM-M93-118] DEBUG credential=oHG#Q1bocBhS9nJ garbage=iswSE
Line 934: 2025-11-17 07:58:17,570 [SRV-MACH-9921] TRACE decodeOldPasswrd=XnC5HVpkauf00h garbage=NiMuuq8
Line 935: 2025-11-17 07:58:17,570 [SRV-MACH-9921] TRACE account number=aXmeyFu&bZGS garbage=4rhElGkm2BUU
Line 938: 2025-11-17 07:58:17,570 [CORE-2281] ERROR pass=OZslSi$GBP7 garbage=NHeChMe2
Line 940: 2025-11-17 07:58:17,570 [MACH-3341] INFO credential=bzUUQBO5wU garbage=zwZE4rXM
Line 945: 2025-11-17 07:58:17,570 [MACH-3341] DEBUG Cred=dU&#j4OswPwC garbage=JjdK321hTcM
Line 948: 2025-11-17 07:58:17,570 [CORE-2281] TRACE cred=fWqpXb3EAI&z garbage=CokqalyoOZp
Line 956: 2025-11-17 07:58:17,570 [ATM-M93-118] ERROR decodePassword=C2mWhb1t garbage=TVJ0znkMX9qoBL3
Line 958: 2025-11-17 07:58:17,570 [MACH-3341] ERROR Acc No=mWRg@B&Vb6!QQVk garbage=2rtJ63iJ
Line 960: 2025-11-17 07:58:17,570 [BR-9912] WARN account number=llt#iXc9bcJ garbage=kxysG1peeFv
Line 962: 2025-11-17 07:58:17,570 [ATM-M93-118] WARN Acc No=RjAuEDGZ garbage=TPOMrwDPpUS5
Line 963: 2025-11-17 07:58:17,570 [BR-9912] WARN pass=c#BXpylD8U#hU garbage=oBNu0TIvV
Line 970: 2025-11-17 07:58:17,570 [MACH-3341] DEBUG decodePasswrd=Sjjiw!T5%Hg garbage=HrRdwb1bBXAgdL
Line 980: 2025-11-17 07:58:17,570 [ATM-M93-118] WARN acc no=MN&jIB53E garbage=zcOnjshxuSTXWE
Line 984: 2025-11-17 07:58:17,570 [BR-9912] TRACE passwrd=KzKBm9#PD garbage=NrV3OIBwGH
Line 985: 2025-11-17 07:58:17,570 [SRV-MACH-9921] DEBUG cred=oEpA%w9EJMy1r garbage=5aA9L
Line 989: 2025-11-17 07:58:17,570 [CORE-2281] ERROR account no=Ob088LEE garbage=fpOGZkcQo
Line 990: 2025-11-17 07:58:17,570 [MACH-3341] INFO cred=4msTV1lSU9P0UE garbage=fCV2TOs
Line 994: 2025-11-17 07:58:17,571 [SRV-MACH-9921] DEBUG account no=gpCQa@g#0H&Vv garbage=4AMrgSgr0p
Line 998: 2025-11-17 07:58:17,571 [ATM-M93-118] DEBUG Credentials=@Li9hhuYn garbage=pTfzEZOk
